{"C:\\Users\\pc\\Desktop\\projects simplon\\fashion-fuel\\src\\components\\common\\ChatBot.jsx": {"path":"C:\\Users\\pc\\Desktop\\projects simplon\\fashion-fuel\\src\\components\\common\\ChatBot.jsx","statementMap":{"0":{"start":{"line":10,"column":16},"end":{"line":200,"column":1}},"1":{"start":{"line":11,"column":21},"end":{"line":11,"column":34}},"2":{"start":{"line":12,"column":26},"end":{"line":12,"column":36}},"3":{"start":{"line":13,"column":32},"end":{"line":13,"column":70}},"4":{"start":{"line":13,"column":55},"end":{"line":13,"column":69}},"5":{"start":{"line":15,"column":32},"end":{"line":15,"column":47}},"6":{"start":{"line":16,"column":36},"end":{"line":18,"column":6}},"7":{"start":{"line":19,"column":30},"end":{"line":19,"column":42}},"8":{"start":{"line":20,"column":36},"end":{"line":20,"column":51}},"9":{"start":{"line":21,"column":27},"end":{"line":21,"column":39}},"10":{"start":{"line":23,"column":27},"end":{"line":25,"column":5}},"11":{"start":{"line":24,"column":8},"end":{"line":24,"column":71}},"12":{"start":{"line":27,"column":4},"end":{"line":31,"column":37}},"13":{"start":{"line":28,"column":8},"end":{"line":30,"column":9}},"14":{"start":{"line":29,"column":12},"end":{"line":29,"column":29}},"15":{"start":{"line":33,"column":32},"end":{"line":37,"column":5}},"16":{"start":{"line":39,"column":23},"end":{"line":62,"column":5}},"17":{"start":{"line":40,"column":28},"end":{"line":40,"column":83}},"18":{"start":{"line":41,"column":8},"end":{"line":41,"column":40}},"19":{"start":{"line":41,"column":33},"end":{"line":41,"column":40}},"20":{"start":{"line":43,"column":28},"end":{"line":43,"column":63}},"21":{"start":{"line":44,"column":8},"end":{"line":44,"column":52}},"22":{"start":{"line":44,"column":28},"end":{"line":44,"column":50}},"23":{"start":{"line":45,"column":8},"end":{"line":45,"column":59}},"24":{"start":{"line":45,"column":46},"end":{"line":45,"column":59}},"25":{"start":{"line":46,"column":8},"end":{"line":46,"column":26}},"26":{"start":{"line":49,"column":24},"end":{"line":52,"column":11}},"27":{"start":{"line":49,"column":45},"end":{"line":52,"column":9}},"28":{"start":{"line":54,"column":8},"end":{"line":61,"column":9}},"29":{"start":{"line":55,"column":30},"end":{"line":55,"column":81}},"30":{"start":{"line":56,"column":12},"end":{"line":56,"column":76}},"31":{"start":{"line":56,"column":32},"end":{"line":56,"column":74}},"32":{"start":{"line":58,"column":12},"end":{"line":58,"column":131}},"33":{"start":{"line":58,"column":32},"end":{"line":58,"column":129}},"34":{"start":{"line":60,"column":12},"end":{"line":60,"column":31}},"35":{"start":{"line":64,"column":27},"end":{"line":68,"column":5}},"36":{"start":{"line":65,"column":8},"end":{"line":67,"column":9}},"37":{"start":{"line":66,"column":12},"end":{"line":66,"column":25}},"38":{"start":{"line":70,"column":27},"end":{"line":111,"column":5}},"39":{"start":{"line":72,"column":22},"end":{"line":72,"column":54}},"40":{"start":{"line":74,"column":8},"end":{"line":110,"column":10}},"41":{"start":{"line":77,"column":34},"end":{"line":77,"column":65}},"42":{"start":{"line":78,"column":20},"end":{"line":106,"column":21}},"43":{"start":{"line":79,"column":42},"end":{"line":79,"column":50}},"44":{"start":{"line":80,"column":40},"end":{"line":80,"column":78}},"45":{"start":{"line":80,"column":59},"end":{"line":80,"column":77}},"46":{"start":{"line":81,"column":24},"end":{"line":81,"column":50}},"47":{"start":{"line":81,"column":38},"end":{"line":81,"column":50}},"48":{"start":{"line":83,"column":24},"end":{"line":105,"column":26}},"49":{"start":{"line":90,"column":114},"end":{"line":90,"column":130}},"50":{"start":{"line":96,"column":48},"end":{"line":96,"column":97}},"51":{"start":{"line":97,"column":48},"end":{"line":97,"column":95}},"52":{"start":{"line":107,"column":20},"end":{"line":107,"column":55}},"53":{"start":{"line":113,"column":4},"end":{"line":199,"column":6}},"54":{"start":{"line":117,"column":31},"end":{"line":117,"column":49}},"55":{"start":{"line":140,"column":28},"end":{"line":147,"column":34}},"56":{"start":{"line":153,"column":36},"end":{"line":159,"column":45}},"57":{"start":{"line":156,"column":55},"end":{"line":156,"column":68}},"58":{"start":{"line":182,"column":45},"end":{"line":182,"column":69}}},"fnMap":{"0":{"name":"(anonymous_0)","decl":{"start":{"line":10,"column":16},"end":{"line":10,"column":17}},"loc":{"start":{"line":10,"column":22},"end":{"line":200,"column":1}},"line":10},"1":{"name":"(anonymous_1)","decl":{"start":{"line":13,"column":44},"end":{"line":13,"column":45}},"loc":{"start":{"line":13,"column":55},"end":{"line":13,"column":69}},"line":13},"2":{"name":"(anonymous_2)","decl":{"start":{"line":23,"column":27},"end":{"line":23,"column":28}},"loc":{"start":{"line":23,"column":33},"end":{"line":25,"column":5}},"line":23},"3":{"name":"(anonymous_3)","decl":{"start":{"line":27,"column":14},"end":{"line":27,"column":15}},"loc":{"start":{"line":27,"column":20},"end":{"line":31,"column":5}},"line":27},"4":{"name":"(anonymous_4)","decl":{"start":{"line":39,"column":23},"end":{"line":39,"column":24}},"loc":{"start":{"line":39,"column":47},"end":{"line":62,"column":5}},"line":39},"5":{"name":"(anonymous_5)","decl":{"start":{"line":44,"column":20},"end":{"line":44,"column":21}},"loc":{"start":{"line":44,"column":28},"end":{"line":44,"column":50}},"line":44},"6":{"name":"(anonymous_6)","decl":{"start":{"line":49,"column":37},"end":{"line":49,"column":38}},"loc":{"start":{"line":49,"column":45},"end":{"line":52,"column":9}},"line":49},"7":{"name":"(anonymous_7)","decl":{"start":{"line":56,"column":24},"end":{"line":56,"column":25}},"loc":{"start":{"line":56,"column":32},"end":{"line":56,"column":74}},"line":56},"8":{"name":"(anonymous_8)","decl":{"start":{"line":58,"column":24},"end":{"line":58,"column":25}},"loc":{"start":{"line":58,"column":32},"end":{"line":58,"column":129}},"line":58},"9":{"name":"(anonymous_9)","decl":{"start":{"line":64,"column":27},"end":{"line":64,"column":28}},"loc":{"start":{"line":64,"column":34},"end":{"line":68,"column":5}},"line":64},"10":{"name":"(anonymous_10)","decl":{"start":{"line":70,"column":27},"end":{"line":70,"column":28}},"loc":{"start":{"line":70,"column":41},"end":{"line":111,"column":5}},"line":70},"11":{"name":"(anonymous_11)","decl":{"start":{"line":76,"column":27},"end":{"line":76,"column":28}},"loc":{"start":{"line":76,"column":40},"end":{"line":108,"column":17}},"line":76},"12":{"name":"(anonymous_12)","decl":{"start":{"line":80,"column":54},"end":{"line":80,"column":55}},"loc":{"start":{"line":80,"column":59},"end":{"line":80,"column":77}},"line":80},"13":{"name":"(anonymous_13)","decl":{"start":{"line":90,"column":108},"end":{"line":90,"column":109}},"loc":{"start":{"line":90,"column":114},"end":{"line":90,"column":130}},"line":90},"14":{"name":"(anonymous_14)","decl":{"start":{"line":95,"column":53},"end":{"line":95,"column":54}},"loc":{"start":{"line":95,"column":59},"end":{"line":98,"column":45}},"line":95},"15":{"name":"(anonymous_15)","decl":{"start":{"line":117,"column":25},"end":{"line":117,"column":26}},"loc":{"start":{"line":117,"column":31},"end":{"line":117,"column":49}},"line":117},"16":{"name":"(anonymous_16)","decl":{"start":{"line":139,"column":38},"end":{"line":139,"column":39}},"loc":{"start":{"line":140,"column":28},"end":{"line":147,"column":34}},"line":140},"17":{"name":"(anonymous_17)","decl":{"start":{"line":152,"column":57},"end":{"line":152,"column":58}},"loc":{"start":{"line":153,"column":36},"end":{"line":159,"column":45}},"line":153},"18":{"name":"(anonymous_18)","decl":{"start":{"line":156,"column":49},"end":{"line":156,"column":50}},"loc":{"start":{"line":156,"column":55},"end":{"line":156,"column":68}},"line":156},"19":{"name":"(anonymous_19)","decl":{"start":{"line":182,"column":38},"end":{"line":182,"column":39}},"loc":{"start":{"line":182,"column":45},"end":{"line":182,"column":69}},"line":182}},"branchMap":{"0":{"loc":{"start":{"line":28,"column":8},"end":{"line":30,"column":9}},"type":"if","locations":[{"start":{"line":28,"column":8},"end":{"line":30,"column":9}},{"start":{},"end":{}}],"line":28},"1":{"loc":{"start":{"line":40,"column":28},"end":{"line":40,"column":83}},"type":"cond-expr","locations":[{"start":{"line":40,"column":63},"end":{"line":40,"column":75}},{"start":{"line":40,"column":78},"end":{"line":40,"column":83}}],"line":40},"2":{"loc":{"start":{"line":41,"column":8},"end":{"line":41,"column":40}},"type":"if","locations":[{"start":{"line":41,"column":8},"end":{"line":41,"column":40}},{"start":{},"end":{}}],"line":41},"3":{"loc":{"start":{"line":45,"column":8},"end":{"line":45,"column":59}},"type":"if","locations":[{"start":{"line":45,"column":8},"end":{"line":45,"column":59}},{"start":{},"end":{}}],"line":45},"4":{"loc":{"start":{"line":50,"column":20},"end":{"line":50,"column":56}},"type":"cond-expr","locations":[{"start":{"line":50,"column":40},"end":{"line":50,"column":47}},{"start":{"line":50,"column":50},"end":{"line":50,"column":56}}],"line":50},"5":{"loc":{"start":{"line":65,"column":8},"end":{"line":67,"column":9}},"type":"if","locations":[{"start":{"line":65,"column":8},"end":{"line":67,"column":9}},{"start":{},"end":{}}],"line":65},"6":{"loc":{"start":{"line":78,"column":20},"end":{"line":106,"column":21}},"type":"if","locations":[{"start":{"line":78,"column":20},"end":{"line":106,"column":21}},{"start":{},"end":{}}],"line":78},"7":{"loc":{"start":{"line":81,"column":24},"end":{"line":81,"column":50}},"type":"if","locations":[{"start":{"line":81,"column":24},"end":{"line":81,"column":50}},{"start":{},"end":{}}],"line":81},"8":{"loc":{"start":{"line":116,"column":45},"end":{"line":116,"column":65}},"type":"cond-expr","locations":[{"start":{"line":116,"column":54},"end":{"line":116,"column":60}},{"start":{"line":116,"column":63},"end":{"line":116,"column":65}}],"line":116},"9":{"loc":{"start":{"line":118,"column":28},"end":{"line":118,"column":63}},"type":"cond-expr","locations":[{"start":{"line":118,"column":37},"end":{"line":118,"column":49}},{"start":{"line":118,"column":52},"end":{"line":118,"column":63}}],"line":118},"10":{"loc":{"start":{"line":121,"column":21},"end":{"line":125,"column":21}},"type":"cond-expr","locations":[{"start":{"line":121,"column":30},"end":{"line":121,"column":33}},{"start":{"line":122,"column":24},"end":{"line":124,"column":30}}],"line":121},"11":{"loc":{"start":{"line":129,"column":13},"end":{"line":197,"column":13}},"type":"binary-expr","locations":[{"start":{"line":129,"column":13},"end":{"line":129,"column":19}},{"start":{"line":130,"column":16},"end":{"line":196,"column":22}}],"line":129},"12":{"loc":{"start":{"line":142,"column":37},"end":{"line":142,"column":67}},"type":"cond-expr","locations":[{"start":{"line":142,"column":57},"end":{"line":142,"column":60}},{"start":{"line":142,"column":63},"end":{"line":142,"column":67}}],"line":142},"13":{"loc":{"start":{"line":150,"column":25},"end":{"line":162,"column":25}},"type":"binary-expr","locations":[{"start":{"line":150,"column":25},"end":{"line":150,"column":46}},{"start":{"line":150,"column":50},"end":{"line":150,"column":59}},{"start":{"line":151,"column":28},"end":{"line":161,"column":34}}],"line":150},"14":{"loc":{"start":{"line":164,"column":25},"end":{"line":173,"column":25}},"type":"binary-expr","locations":[{"start":{"line":164,"column":25},"end":{"line":164,"column":33}},{"start":{"line":165,"column":28},"end":{"line":172,"column":34}}],"line":164},"15":{"loc":{"start":{"line":189,"column":38},"end":{"line":189,"column":63}},"type":"binary-expr","locations":[{"start":{"line":189,"column":38},"end":{"line":189,"column":46}},{"start":{"line":189,"column":50},"end":{"line":189,"column":63}}],"line":189}},"s":{"0":1,"1":16,"2":16,"3":16,"4":21,"5":16,"6":16,"7":16,"8":16,"9":16,"10":16,"11":8,"12":16,"13":14,"14":8,"15":16,"16":16,"17":2,"18":2,"19":0,"20":2,"21":2,"22":2,"23":2,"24":2,"25":2,"26":2,"27":2,"28":2,"29":2,"30":2,"31":2,"32":0,"33":0,"34":2,"35":16,"36":1,"37":1,"38":16,"39":16,"40":16,"41":16,"42":16,"43":0,"44":0,"45":0,"46":0,"47":0,"48":0,"49":0,"50":0,"51":0,"52":16,"53":16,"54":5,"55":16,"56":18,"57":0,"58":2},"f":{"0":16,"1":21,"2":8,"3":14,"4":2,"5":2,"6":2,"7":2,"8":0,"9":1,"10":16,"11":16,"12":0,"13":0,"14":0,"15":5,"16":16,"17":18,"18":0,"19":2},"b":{"0":[8,6],"1":[0,2],"2":[0,2],"3":[2,0],"4":[2,0],"5":[1,0],"6":[0,16],"7":[0,0],"8":[10,6],"9":[10,6],"10":[10,6],"11":[16,10],"12":[12,4],"13":[10,6,6],"14":[10,2],"15":[10,8]},"_coverageSchema":"1a1c01bbd47fc00a2c39e90264f33305004495a9","hash":"0c95fd338f223954bff666e9c50442581446078c"}
,"C:\\Users\\pc\\Desktop\\projects simplon\\fashion-fuel\\src\\context\\ToastContext.jsx": {"path":"C:\\Users\\pc\\Desktop\\projects simplon\\fashion-fuel\\src\\context\\ToastContext.jsx","statementMap":{"0":{"start":{"line":5,"column":21},"end":{"line":5,"column":36}},"1":{"start":{"line":7,"column":24},"end":{"line":13,"column":1}},"2":{"start":{"line":8,"column":20},"end":{"line":8,"column":44}},"3":{"start":{"line":9,"column":4},"end":{"line":11,"column":5}},"4":{"start":{"line":10,"column":8},"end":{"line":10,"column":72}},"5":{"start":{"line":12,"column":4},"end":{"line":12,"column":19}},"6":{"start":{"line":15,"column":29},"end":{"line":57,"column":1}},"7":{"start":{"line":16,"column":32},"end":{"line":16,"column":44}},"8":{"start":{"line":18,"column":22},"end":{"line":25,"column":10}},"9":{"start":{"line":19,"column":19},"end":{"line":19,"column":58}},"10":{"start":{"line":20,"column":8},"end":{"line":20,"column":62}},"11":{"start":{"line":20,"column":28},"end":{"line":20,"column":60}},"12":{"start":{"line":22,"column":8},"end":{"line":24,"column":17}},"13":{"start":{"line":23,"column":12},"end":{"line":23,"column":73}},"14":{"start":{"line":23,"column":32},"end":{"line":23,"column":71}},"15":{"start":{"line":23,"column":55},"end":{"line":23,"column":70}},"16":{"start":{"line":27,"column":24},"end":{"line":29,"column":10}},"17":{"start":{"line":28,"column":8},"end":{"line":28,"column":69}},"18":{"start":{"line":28,"column":28},"end":{"line":28,"column":67}},"19":{"start":{"line":28,"column":51},"end":{"line":28,"column":66}},"20":{"start":{"line":31,"column":4},"end":{"line":56,"column":6}},"21":{"start":{"line":37,"column":24},"end":{"line":51,"column":37}},"22":{"start":{"line":43,"column":43},"end":{"line":43,"column":64}}},"fnMap":{"0":{"name":"(anonymous_0)","decl":{"start":{"line":7,"column":24},"end":{"line":7,"column":25}},"loc":{"start":{"line":7,"column":30},"end":{"line":13,"column":1}},"line":7},"1":{"name":"(anonymous_1)","decl":{"start":{"line":15,"column":29},"end":{"line":15,"column":30}},"loc":{"start":{"line":15,"column":47},"end":{"line":57,"column":1}},"line":15},"2":{"name":"(anonymous_2)","decl":{"start":{"line":18,"column":34},"end":{"line":18,"column":35}},"loc":{"start":{"line":18,"column":65},"end":{"line":25,"column":5}},"line":18},"3":{"name":"(anonymous_3)","decl":{"start":{"line":20,"column":18},"end":{"line":20,"column":19}},"loc":{"start":{"line":20,"column":28},"end":{"line":20,"column":60}},"line":20},"4":{"name":"(anonymous_4)","decl":{"start":{"line":22,"column":19},"end":{"line":22,"column":20}},"loc":{"start":{"line":22,"column":25},"end":{"line":24,"column":9}},"line":22},"5":{"name":"(anonymous_5)","decl":{"start":{"line":23,"column":22},"end":{"line":23,"column":23}},"loc":{"start":{"line":23,"column":32},"end":{"line":23,"column":71}},"line":23},"6":{"name":"(anonymous_6)","decl":{"start":{"line":23,"column":44},"end":{"line":23,"column":45}},"loc":{"start":{"line":23,"column":55},"end":{"line":23,"column":70}},"line":23},"7":{"name":"(anonymous_7)","decl":{"start":{"line":27,"column":36},"end":{"line":27,"column":37}},"loc":{"start":{"line":27,"column":44},"end":{"line":29,"column":5}},"line":27},"8":{"name":"(anonymous_8)","decl":{"start":{"line":28,"column":18},"end":{"line":28,"column":19}},"loc":{"start":{"line":28,"column":28},"end":{"line":28,"column":67}},"line":28},"9":{"name":"(anonymous_9)","decl":{"start":{"line":28,"column":40},"end":{"line":28,"column":41}},"loc":{"start":{"line":28,"column":51},"end":{"line":28,"column":66}},"line":28},"10":{"name":"(anonymous_10)","decl":{"start":{"line":36,"column":32},"end":{"line":36,"column":33}},"loc":{"start":{"line":37,"column":24},"end":{"line":51,"column":37}},"line":37},"11":{"name":"(anonymous_11)","decl":{"start":{"line":43,"column":37},"end":{"line":43,"column":38}},"loc":{"start":{"line":43,"column":43},"end":{"line":43,"column":64}},"line":43}},"branchMap":{"0":{"loc":{"start":{"line":9,"column":4},"end":{"line":11,"column":5}},"type":"if","locations":[{"start":{"line":9,"column":4},"end":{"line":11,"column":5}},{"start":{},"end":{}}],"line":9},"1":{"loc":{"start":{"line":18,"column":44},"end":{"line":18,"column":60}},"type":"default-arg","locations":[{"start":{"line":18,"column":51},"end":{"line":18,"column":60}}],"line":18},"2":{"loc":{"start":{"line":46,"column":33},"end":{"line":46,"column":64}},"type":"binary-expr","locations":[{"start":{"line":46,"column":33},"end":{"line":46,"column":57}},{"start":{"line":46,"column":61},"end":{"line":46,"column":64}}],"line":46},"3":{"loc":{"start":{"line":47,"column":33},"end":{"line":47,"column":62}},"type":"binary-expr","locations":[{"start":{"line":47,"column":33},"end":{"line":47,"column":55}},{"start":{"line":47,"column":59},"end":{"line":47,"column":62}}],"line":47},"4":{"loc":{"start":{"line":48,"column":33},"end":{"line":48,"column":61}},"type":"binary-expr","locations":[{"start":{"line":48,"column":33},"end":{"line":48,"column":54}},{"start":{"line":48,"column":58},"end":{"line":48,"column":61}}],"line":48}},"s":{"0":1,"1":1,"2":16,"3":16,"4":0,"5":16,"6":1,"7":5,"8":5,"9":0,"10":0,"11":0,"12":0,"13":0,"14":0,"15":0,"16":5,"17":0,"18":0,"19":0,"20":5,"21":0,"22":0},"f":{"0":16,"1":5,"2":0,"3":0,"4":0,"5":0,"6":0,"7":0,"8":0,"9":0,"10":0,"11":0},"b":{"0":[0,16],"1":[0],"2":[0,0],"3":[0,0],"4":[0,0]},"_coverageSchema":"1a1c01bbd47fc00a2c39e90264f33305004495a9","hash":"2893037fd72a3c4f548ac0ff21a52c43bfc75562"}
,"C:\\Users\\pc\\Desktop\\projects simplon\\fashion-fuel\\src\\redux\\slices\\cartSlice.js": {"path":"C:\\Users\\pc\\Desktop\\projects simplon\\fashion-fuel\\src\\redux\\slices\\cartSlice.js","statementMap":{"0":{"start":{"line":3,"column":28},"end":{"line":13,"column":1}},"1":{"start":{"line":4,"column":4},"end":{"line":12,"column":5}},"2":{"start":{"line":5,"column":32},"end":{"line":5,"column":60}},"3":{"start":{"line":6,"column":8},"end":{"line":6,"column":40}},"4":{"start":{"line":6,"column":30},"end":{"line":6,"column":40}},"5":{"start":{"line":8,"column":23},"end":{"line":8,"column":50}},"6":{"start":{"line":9,"column":8},"end":{"line":9,"column":51}},"7":{"start":{"line":11,"column":8},"end":{"line":11,"column":18}},"8":{"start":{"line":15,"column":26},"end":{"line":22,"column":1}},"9":{"start":{"line":16,"column":4},"end":{"line":21,"column":5}},"10":{"start":{"line":17,"column":32},"end":{"line":17,"column":52}},"11":{"start":{"line":18,"column":8},"end":{"line":18,"column":54}},"12":{"start":{"line":24,"column":18},"end":{"line":59,"column":2}},"13":{"start":{"line":31,"column":28},"end":{"line":31,"column":42}},"14":{"start":{"line":32,"column":33},"end":{"line":32,"column":81}},"15":{"start":{"line":32,"column":58},"end":{"line":32,"column":80}},"16":{"start":{"line":34,"column":12},"end":{"line":38,"column":13}},"17":{"start":{"line":35,"column":16},"end":{"line":35,"column":43}},"18":{"start":{"line":37,"column":16},"end":{"line":37,"column":62}},"19":{"start":{"line":39,"column":12},"end":{"line":39,"column":43}},"20":{"start":{"line":42,"column":23},"end":{"line":42,"column":37}},"21":{"start":{"line":43,"column":12},"end":{"line":43,"column":69}},"22":{"start":{"line":43,"column":53},"end":{"line":43,"column":67}},"23":{"start":{"line":44,"column":12},"end":{"line":44,"column":43}},"24":{"start":{"line":47,"column":37},"end":{"line":47,"column":51}},"25":{"start":{"line":48,"column":25},"end":{"line":48,"column":65}},"26":{"start":{"line":48,"column":50},"end":{"line":48,"column":64}},"27":{"start":{"line":49,"column":12},"end":{"line":51,"column":13}},"28":{"start":{"line":50,"column":16},"end":{"line":50,"column":41}},"29":{"start":{"line":52,"column":12},"end":{"line":52,"column":43}},"30":{"start":{"line":55,"column":12},"end":{"line":55,"column":29}},"31":{"start":{"line":56,"column":12},"end":{"line":56,"column":43}},"32":{"start":{"line":61,"column":72},"end":{"line":61,"column":89}},"33":{"start":{"line":64,"column":36},"end":{"line":64,"column":70}},"34":{"start":{"line":64,"column":47},"end":{"line":64,"column":70}}},"fnMap":{"0":{"name":"(anonymous_0)","decl":{"start":{"line":3,"column":28},"end":{"line":3,"column":29}},"loc":{"start":{"line":3,"column":34},"end":{"line":13,"column":1}},"line":3},"1":{"name":"(anonymous_1)","decl":{"start":{"line":15,"column":26},"end":{"line":15,"column":27}},"loc":{"start":{"line":15,"column":36},"end":{"line":22,"column":1}},"line":15},"2":{"name":"(anonymous_2)","decl":{"start":{"line":30,"column":19},"end":{"line":30,"column":20}},"loc":{"start":{"line":30,"column":38},"end":{"line":40,"column":9}},"line":30},"3":{"name":"(anonymous_3)","decl":{"start":{"line":32,"column":50},"end":{"line":32,"column":51}},"loc":{"start":{"line":32,"column":58},"end":{"line":32,"column":80}},"line":32},"4":{"name":"(anonymous_4)","decl":{"start":{"line":41,"column":24},"end":{"line":41,"column":25}},"loc":{"start":{"line":41,"column":43},"end":{"line":45,"column":9}},"line":41},"5":{"name":"(anonymous_5)","decl":{"start":{"line":43,"column":45},"end":{"line":43,"column":46}},"loc":{"start":{"line":43,"column":53},"end":{"line":43,"column":67}},"line":43},"6":{"name":"(anonymous_6)","decl":{"start":{"line":46,"column":24},"end":{"line":46,"column":25}},"loc":{"start":{"line":46,"column":43},"end":{"line":53,"column":9}},"line":46},"7":{"name":"(anonymous_7)","decl":{"start":{"line":48,"column":42},"end":{"line":48,"column":43}},"loc":{"start":{"line":48,"column":50},"end":{"line":48,"column":64}},"line":48},"8":{"name":"(anonymous_8)","decl":{"start":{"line":54,"column":19},"end":{"line":54,"column":20}},"loc":{"start":{"line":54,"column":30},"end":{"line":57,"column":9}},"line":54},"9":{"name":"(anonymous_9)","decl":{"start":{"line":64,"column":36},"end":{"line":64,"column":37}},"loc":{"start":{"line":64,"column":47},"end":{"line":64,"column":70}},"line":64}},"branchMap":{"0":{"loc":{"start":{"line":6,"column":8},"end":{"line":6,"column":40}},"type":"if","locations":[{"start":{"line":6,"column":8},"end":{"line":6,"column":40}},{"start":{},"end":{}}],"line":6},"1":{"loc":{"start":{"line":9,"column":15},"end":{"line":9,"column":50}},"type":"cond-expr","locations":[{"start":{"line":9,"column":39},"end":{"line":9,"column":45}},{"start":{"line":9,"column":48},"end":{"line":9,"column":50}}],"line":9},"2":{"loc":{"start":{"line":34,"column":12},"end":{"line":38,"column":13}},"type":"if","locations":[{"start":{"line":34,"column":12},"end":{"line":38,"column":13}},{"start":{"line":36,"column":19},"end":{"line":38,"column":13}}],"line":34},"3":{"loc":{"start":{"line":49,"column":12},"end":{"line":51,"column":13}},"type":"if","locations":[{"start":{"line":49,"column":12},"end":{"line":51,"column":13}},{"start":{},"end":{}}],"line":49},"4":{"loc":{"start":{"line":49,"column":16},"end":{"line":49,"column":36}},"type":"binary-expr","locations":[{"start":{"line":49,"column":16},"end":{"line":49,"column":20}},{"start":{"line":49,"column":24},"end":{"line":49,"column":36}}],"line":49}},"s":{"0":2,"1":2,"2":2,"3":2,"4":2,"5":0,"6":0,"7":0,"8":2,"9":5,"10":5,"11":5,"12":2,"13":2,"14":2,"15":1,"16":2,"17":1,"18":1,"19":2,"20":1,"21":1,"22":2,"23":1,"24":1,"25":1,"26":1,"27":1,"28":1,"29":1,"30":1,"31":1,"32":2,"33":2,"34":2},"f":{"0":2,"1":5,"2":2,"3":1,"4":1,"5":2,"6":1,"7":1,"8":1,"9":2},"b":{"0":[2,0],"1":[0,0],"2":[1,1],"3":[1,0],"4":[1,1]},"_coverageSchema":"1a1c01bbd47fc00a2c39e90264f33305004495a9","hash":"83a44a81abe7d07fd67495fdb83685bcaee0e5e9"}
,"C:\\Users\\pc\\Desktop\\projects simplon\\fashion-fuel\\src\\redux\\slices\\productSlice.js": {"path":"C:\\Users\\pc\\Desktop\\projects simplon\\fashion-fuel\\src\\redux\\slices\\productSlice.js","statementMap":{"0":{"start":{"line":6,"column":29},"end":{"line":16,"column":1}},"1":{"start":{"line":9,"column":8},"end":{"line":14,"column":9}},"2":{"start":{"line":10,"column":29},"end":{"line":10,"column":55}},"3":{"start":{"line":11,"column":12},"end":{"line":11,"column":33}},"4":{"start":{"line":13,"column":12},"end":{"line":13,"column":74}},"5":{"start":{"line":19,"column":32},"end":{"line":29,"column":1}},"6":{"start":{"line":22,"column":8},"end":{"line":27,"column":9}},"7":{"start":{"line":23,"column":29},"end":{"line":23,"column":61}},"8":{"start":{"line":24,"column":12},"end":{"line":24,"column":33}},"9":{"start":{"line":26,"column":12},"end":{"line":26,"column":74}},"10":{"start":{"line":31,"column":21},"end":{"line":115,"column":2}},"11":{"start":{"line":44,"column":29},"end":{"line":44,"column":43}},"12":{"start":{"line":45,"column":12},"end":{"line":45,"column":45}},"13":{"start":{"line":46,"column":12},"end":{"line":46,"column":35}},"14":{"start":{"line":47,"column":12},"end":{"line":51,"column":13}},"15":{"start":{"line":48,"column":16},"end":{"line":48,"column":50}},"16":{"start":{"line":50,"column":16},"end":{"line":50,"column":93}},"17":{"start":{"line":50,"column":65},"end":{"line":50,"column":91}},"18":{"start":{"line":54,"column":26},"end":{"line":54,"column":40}},"19":{"start":{"line":55,"column":12},"end":{"line":55,"column":38}},"20":{"start":{"line":57,"column":12},"end":{"line":65,"column":13}},"21":{"start":{"line":59,"column":16},"end":{"line":63,"column":17}},"22":{"start":{"line":60,"column":20},"end":{"line":60,"column":54}},"23":{"start":{"line":62,"column":20},"end":{"line":62,"column":110}},"24":{"start":{"line":62,"column":69},"end":{"line":62,"column":108}},"25":{"start":{"line":64,"column":16},"end":{"line":64,"column":23}},"26":{"start":{"line":68,"column":28},"end":{"line":72,"column":13}},"27":{"start":{"line":74,"column":32},"end":{"line":76,"column":85}},"28":{"start":{"line":76,"column":45},"end":{"line":76,"column":84}},"29":{"start":{"line":78,"column":25},"end":{"line":78,"column":55}},"30":{"start":{"line":79,"column":28},"end":{"line":79,"column":46}},"31":{"start":{"line":80,"column":12},"end":{"line":80,"column":69}},"32":{"start":{"line":80,"column":56},"end":{"line":80,"column":67}},"33":{"start":{"line":83,"column":12},"end":{"line":83,"column":41}},"34":{"start":{"line":87,"column":8},"end":{"line":113,"column":15}},"35":{"start":{"line":89,"column":16},"end":{"line":89,"column":37}},"36":{"start":{"line":90,"column":16},"end":{"line":90,"column":35}},"37":{"start":{"line":93,"column":16},"end":{"line":93,"column":38}},"38":{"start":{"line":94,"column":16},"end":{"line":94,"column":45}},"39":{"start":{"line":95,"column":16},"end":{"line":95,"column":53}},"40":{"start":{"line":98,"column":16},"end":{"line":98,"column":38}},"41":{"start":{"line":99,"column":16},"end":{"line":99,"column":45}},"42":{"start":{"line":103,"column":16},"end":{"line":103,"column":37}},"43":{"start":{"line":104,"column":16},"end":{"line":104,"column":35}},"44":{"start":{"line":107,"column":16},"end":{"line":107,"column":38}},"45":{"start":{"line":108,"column":16},"end":{"line":108,"column":55}},"46":{"start":{"line":111,"column":16},"end":{"line":111,"column":38}},"47":{"start":{"line":112,"column":16},"end":{"line":112,"column":45}},"48":{"start":{"line":117,"column":74},"end":{"line":117,"column":94}}},"fnMap":{"0":{"name":"(anonymous_0)","decl":{"start":{"line":8,"column":4},"end":{"line":8,"column":5}},"loc":{"start":{"line":8,"column":38},"end":{"line":15,"column":5}},"line":8},"1":{"name":"(anonymous_1)","decl":{"start":{"line":21,"column":4},"end":{"line":21,"column":5}},"loc":{"start":{"line":21,"column":39},"end":{"line":28,"column":5}},"line":21},"2":{"name":"(anonymous_2)","decl":{"start":{"line":43,"column":26},"end":{"line":43,"column":27}},"loc":{"start":{"line":43,"column":45},"end":{"line":52,"column":9}},"line":43},"3":{"name":"(anonymous_3)","decl":{"start":{"line":50,"column":57},"end":{"line":50,"column":58}},"loc":{"start":{"line":50,"column":65},"end":{"line":50,"column":91}},"line":50},"4":{"name":"(anonymous_4)","decl":{"start":{"line":53,"column":24},"end":{"line":53,"column":25}},"loc":{"start":{"line":53,"column":43},"end":{"line":81,"column":9}},"line":53},"5":{"name":"(anonymous_5)","decl":{"start":{"line":62,"column":61},"end":{"line":62,"column":62}},"loc":{"start":{"line":62,"column":69},"end":{"line":62,"column":108}},"line":62},"6":{"name":"(anonymous_6)","decl":{"start":{"line":76,"column":37},"end":{"line":76,"column":38}},"loc":{"start":{"line":76,"column":45},"end":{"line":76,"column":84}},"line":76},"7":{"name":"(anonymous_7)","decl":{"start":{"line":80,"column":46},"end":{"line":80,"column":47}},"loc":{"start":{"line":80,"column":56},"end":{"line":80,"column":67}},"line":80},"8":{"name":"(anonymous_8)","decl":{"start":{"line":82,"column":30},"end":{"line":82,"column":31}},"loc":{"start":{"line":82,"column":41},"end":{"line":84,"column":9}},"line":82},"9":{"name":"(anonymous_9)","decl":{"start":{"line":86,"column":19},"end":{"line":86,"column":20}},"loc":{"start":{"line":86,"column":32},"end":{"line":114,"column":5}},"line":86},"10":{"name":"(anonymous_10)","decl":{"start":{"line":88,"column":44},"end":{"line":88,"column":45}},"loc":{"start":{"line":88,"column":55},"end":{"line":91,"column":13}},"line":88},"11":{"name":"(anonymous_11)","decl":{"start":{"line":92,"column":46},"end":{"line":92,"column":47}},"loc":{"start":{"line":92,"column":65},"end":{"line":96,"column":13}},"line":92},"12":{"name":"(anonymous_12)","decl":{"start":{"line":97,"column":45},"end":{"line":97,"column":46}},"loc":{"start":{"line":97,"column":64},"end":{"line":100,"column":13}},"line":97},"13":{"name":"(anonymous_13)","decl":{"start":{"line":102,"column":47},"end":{"line":102,"column":48}},"loc":{"start":{"line":102,"column":58},"end":{"line":105,"column":13}},"line":102},"14":{"name":"(anonymous_14)","decl":{"start":{"line":106,"column":49},"end":{"line":106,"column":50}},"loc":{"start":{"line":106,"column":68},"end":{"line":109,"column":13}},"line":106},"15":{"name":"(anonymous_15)","decl":{"start":{"line":110,"column":48},"end":{"line":110,"column":49}},"loc":{"start":{"line":110,"column":67},"end":{"line":113,"column":13}},"line":110}},"branchMap":{"0":{"loc":{"start":{"line":13,"column":35},"end":{"line":13,"column":72}},"type":"binary-expr","locations":[{"start":{"line":13,"column":35},"end":{"line":13,"column":55}},{"start":{"line":13,"column":59},"end":{"line":13,"column":72}}],"line":13},"1":{"loc":{"start":{"line":26,"column":35},"end":{"line":26,"column":72}},"type":"binary-expr","locations":[{"start":{"line":26,"column":35},"end":{"line":26,"column":55}},{"start":{"line":26,"column":59},"end":{"line":26,"column":72}}],"line":26},"2":{"loc":{"start":{"line":47,"column":12},"end":{"line":51,"column":13}},"type":"if","locations":[{"start":{"line":47,"column":12},"end":{"line":51,"column":13}},{"start":{"line":49,"column":19},"end":{"line":51,"column":13}}],"line":47},"3":{"loc":{"start":{"line":57,"column":12},"end":{"line":65,"column":13}},"type":"if","locations":[{"start":{"line":57,"column":12},"end":{"line":65,"column":13}},{"start":{},"end":{}}],"line":57},"4":{"loc":{"start":{"line":59,"column":16},"end":{"line":63,"column":17}},"type":"if","locations":[{"start":{"line":59,"column":16},"end":{"line":63,"column":17}},{"start":{"line":61,"column":23},"end":{"line":63,"column":17}}],"line":59},"5":{"loc":{"start":{"line":74,"column":32},"end":{"line":76,"column":85}},"type":"cond-expr","locations":[{"start":{"line":75,"column":18},"end":{"line":75,"column":29}},{"start":{"line":76,"column":18},"end":{"line":76,"column":85}}],"line":74}},"s":{"0":1,"1":0,"2":0,"3":0,"4":0,"5":1,"6":0,"7":0,"8":0,"9":0,"10":1,"11":0,"12":0,"13":0,"14":0,"15":0,"16":0,"17":0,"18":0,"19":0,"20":0,"21":0,"22":0,"23":0,"24":0,"25":0,"26":0,"27":0,"28":0,"29":0,"30":0,"31":0,"32":0,"33":0,"34":1,"35":0,"36":0,"37":0,"38":0,"39":0,"40":0,"41":0,"42":0,"43":0,"44":0,"45":0,"46":0,"47":0,"48":1},"f":{"0":0,"1":0,"2":0,"3":0,"4":0,"5":0,"6":0,"7":0,"8":0,"9":1,"10":0,"11":0,"12":0,"13":0,"14":0,"15":0},"b":{"0":[0,0],"1":[0,0],"2":[0,0],"3":[0,0],"4":[0,0],"5":[0,0]},"_coverageSchema":"1a1c01bbd47fc00a2c39e90264f33305004495a9","hash":"18c3b5c1f3098c6bb446ae88425bbcece6a0a986"}
,"C:\\Users\\pc\\Desktop\\projects simplon\\fashion-fuel\\src\\services\\api.js": {"path":"C:\\Users\\pc\\Desktop\\projects simplon\\fashion-fuel\\src\\services\\api.js","statementMap":{"0":{"start":{"line":4,"column":12},"end":{"line":9,"column":2}},"1":{"start":{"line":11,"column":27},"end":{"line":11,"column":53}},"2":{"start":{"line":11,"column":33},"end":{"line":11,"column":53}},"3":{"start":{"line":12,"column":26},"end":{"line":12,"column":60}},"4":{"start":{"line":12,"column":34},"end":{"line":12,"column":60}},"5":{"start":{"line":13,"column":29},"end":{"line":13,"column":72}},"6":{"start":{"line":13,"column":42},"end":{"line":13,"column":72}},"7":{"start":{"line":14,"column":29},"end":{"line":14,"column":81}},"8":{"start":{"line":14,"column":46},"end":{"line":14,"column":81}},"9":{"start":{"line":15,"column":29},"end":{"line":15,"column":66}},"10":{"start":{"line":15,"column":37},"end":{"line":15,"column":66}},"11":{"start":{"line":17,"column":25},"end":{"line":17,"column":49}},"12":{"start":{"line":17,"column":31},"end":{"line":17,"column":49}},"13":{"start":{"line":18,"column":27},"end":{"line":18,"column":73}},"14":{"start":{"line":18,"column":42},"end":{"line":18,"column":73}},"15":{"start":{"line":19,"column":27},"end":{"line":19,"column":64}},"16":{"start":{"line":19,"column":38},"end":{"line":19,"column":64}},"17":{"start":{"line":21,"column":26},"end":{"line":21,"column":83}},"18":{"start":{"line":21,"column":41},"end":{"line":21,"column":83}},"19":{"start":{"line":22,"column":28},"end":{"line":22,"column":68}},"20":{"start":{"line":22,"column":40},"end":{"line":22,"column":68}}},"fnMap":{"0":{"name":"(anonymous_0)","decl":{"start":{"line":11,"column":27},"end":{"line":11,"column":28}},"loc":{"start":{"line":11,"column":33},"end":{"line":11,"column":53}},"line":11},"1":{"name":"(anonymous_1)","decl":{"start":{"line":12,"column":26},"end":{"line":12,"column":27}},"loc":{"start":{"line":12,"column":34},"end":{"line":12,"column":60}},"line":12},"2":{"name":"(anonymous_2)","decl":{"start":{"line":13,"column":29},"end":{"line":13,"column":30}},"loc":{"start":{"line":13,"column":42},"end":{"line":13,"column":72}},"line":13},"3":{"name":"(anonymous_3)","decl":{"start":{"line":14,"column":29},"end":{"line":14,"column":30}},"loc":{"start":{"line":14,"column":46},"end":{"line":14,"column":81}},"line":14},"4":{"name":"(anonymous_4)","decl":{"start":{"line":15,"column":29},"end":{"line":15,"column":30}},"loc":{"start":{"line":15,"column":37},"end":{"line":15,"column":66}},"line":15},"5":{"name":"(anonymous_5)","decl":{"start":{"line":17,"column":25},"end":{"line":17,"column":26}},"loc":{"start":{"line":17,"column":31},"end":{"line":17,"column":49}},"line":17},"6":{"name":"(anonymous_6)","decl":{"start":{"line":18,"column":27},"end":{"line":18,"column":28}},"loc":{"start":{"line":18,"column":42},"end":{"line":18,"column":73}},"line":18},"7":{"name":"(anonymous_7)","decl":{"start":{"line":19,"column":27},"end":{"line":19,"column":28}},"loc":{"start":{"line":19,"column":38},"end":{"line":19,"column":64}},"line":19},"8":{"name":"(anonymous_8)","decl":{"start":{"line":21,"column":26},"end":{"line":21,"column":27}},"loc":{"start":{"line":21,"column":41},"end":{"line":21,"column":83}},"line":21},"9":{"name":"(anonymous_9)","decl":{"start":{"line":22,"column":28},"end":{"line":22,"column":29}},"loc":{"start":{"line":22,"column":40},"end":{"line":22,"column":68}},"line":22}},"branchMap":{},"s":{"0":1,"1":1,"2":0,"3":1,"4":0,"5":1,"6":0,"7":1,"8":0,"9":1,"10":0,"11":1,"12":0,"13":1,"14":0,"15":1,"16":0,"17":1,"18":0,"19":1,"20":0},"f":{"0":0,"1":0,"2":0,"3":0,"4":0,"5":0,"6":0,"7":0,"8":0,"9":0},"b":{},"_coverageSchema":"1a1c01bbd47fc00a2c39e90264f33305004495a9","hash":"bcdd6ce812177036a8c140ff2e4e20e794ad46ee"}
,"C:\\Users\\pc\\Desktop\\projects simplon\\fashion-fuel\\src\\utils\\formatCurrency.js": {"path":"C:\\Users\\pc\\Desktop\\projects simplon\\fashion-fuel\\src\\utils\\formatCurrency.js","statementMap":{"0":{"start":{"line":1,"column":30},"end":{"line":6,"column":1}},"1":{"start":{"line":2,"column":4},"end":{"line":5,"column":22}}},"fnMap":{"0":{"name":"(anonymous_0)","decl":{"start":{"line":1,"column":30},"end":{"line":1,"column":31}},"loc":{"start":{"line":1,"column":42},"end":{"line":6,"column":1}},"line":1}},"branchMap":{},"s":{"0":1,"1":0},"f":{"0":0},"b":{},"_coverageSchema":"1a1c01bbd47fc00a2c39e90264f33305004495a9","hash":"c930ac6a9d875a7e47727ae732fff650a103ab54"}
}
