{"C:\\Users\\pc\\Desktop\\projects simplon\\fashion-fuel\\src\\components\\common\\ChatBot.jsx": {"path":"C:\\Users\\pc\\Desktop\\projects simplon\\fashion-fuel\\src\\components\\common\\ChatBot.jsx","statementMap":{"0":{"start":{"line":10,"column":16},"end":{"line":185,"column":1}},"1":{"start":{"line":11,"column":21},"end":{"line":11,"column":34}},"2":{"start":{"line":12,"column":26},"end":{"line":12,"column":36}},"3":{"start":{"line":13,"column":32},"end":{"line":13,"column":70}},"4":{"start":{"line":13,"column":55},"end":{"line":13,"column":69}},"5":{"start":{"line":15,"column":32},"end":{"line":15,"column":47}},"6":{"start":{"line":16,"column":36},"end":{"line":18,"column":6}},"7":{"start":{"line":19,"column":30},"end":{"line":19,"column":42}},"8":{"start":{"line":20,"column":36},"end":{"line":20,"column":51}},"9":{"start":{"line":21,"column":27},"end":{"line":21,"column":39}},"10":{"start":{"line":23,"column":27},"end":{"line":25,"column":5}},"11":{"start":{"line":24,"column":8},"end":{"line":24,"column":71}},"12":{"start":{"line":27,"column":4},"end":{"line":31,"column":37}},"13":{"start":{"line":28,"column":8},"end":{"line":30,"column":9}},"14":{"start":{"line":29,"column":12},"end":{"line":29,"column":29}},"15":{"start":{"line":33,"column":23},"end":{"line":55,"column":5}},"16":{"start":{"line":34,"column":8},"end":{"line":34,"column":34}},"17":{"start":{"line":34,"column":27},"end":{"line":34,"column":34}},"18":{"start":{"line":36,"column":28},"end":{"line":36,"column":57}},"19":{"start":{"line":37,"column":8},"end":{"line":37,"column":52}},"20":{"start":{"line":37,"column":28},"end":{"line":37,"column":50}},"21":{"start":{"line":38,"column":8},"end":{"line":38,"column":21}},"22":{"start":{"line":39,"column":8},"end":{"line":39,"column":26}},"23":{"start":{"line":42,"column":24},"end":{"line":45,"column":11}},"24":{"start":{"line":42,"column":45},"end":{"line":45,"column":9}},"25":{"start":{"line":47,"column":8},"end":{"line":54,"column":9}},"26":{"start":{"line":48,"column":30},"end":{"line":48,"column":75}},"27":{"start":{"line":49,"column":12},"end":{"line":49,"column":76}},"28":{"start":{"line":49,"column":32},"end":{"line":49,"column":74}},"29":{"start":{"line":51,"column":12},"end":{"line":51,"column":131}},"30":{"start":{"line":51,"column":32},"end":{"line":51,"column":129}},"31":{"start":{"line":53,"column":12},"end":{"line":53,"column":31}},"32":{"start":{"line":57,"column":27},"end":{"line":61,"column":5}},"33":{"start":{"line":58,"column":8},"end":{"line":60,"column":9}},"34":{"start":{"line":59,"column":12},"end":{"line":59,"column":25}},"35":{"start":{"line":63,"column":27},"end":{"line":104,"column":5}},"36":{"start":{"line":65,"column":22},"end":{"line":65,"column":54}},"37":{"start":{"line":67,"column":8},"end":{"line":103,"column":10}},"38":{"start":{"line":70,"column":34},"end":{"line":70,"column":65}},"39":{"start":{"line":71,"column":20},"end":{"line":99,"column":21}},"40":{"start":{"line":72,"column":42},"end":{"line":72,"column":50}},"41":{"start":{"line":73,"column":40},"end":{"line":73,"column":78}},"42":{"start":{"line":73,"column":59},"end":{"line":73,"column":77}},"43":{"start":{"line":74,"column":24},"end":{"line":74,"column":50}},"44":{"start":{"line":74,"column":38},"end":{"line":74,"column":50}},"45":{"start":{"line":76,"column":24},"end":{"line":98,"column":26}},"46":{"start":{"line":83,"column":114},"end":{"line":83,"column":130}},"47":{"start":{"line":89,"column":48},"end":{"line":89,"column":97}},"48":{"start":{"line":90,"column":48},"end":{"line":90,"column":95}},"49":{"start":{"line":100,"column":20},"end":{"line":100,"column":55}},"50":{"start":{"line":106,"column":4},"end":{"line":184,"column":6}},"51":{"start":{"line":110,"column":31},"end":{"line":110,"column":49}},"52":{"start":{"line":131,"column":43},"end":{"line":131,"column":59}},"53":{"start":{"line":140,"column":28},"end":{"line":147,"column":34}},"54":{"start":{"line":167,"column":45},"end":{"line":167,"column":69}}},"fnMap":{"0":{"name":"(anonymous_0)","decl":{"start":{"line":10,"column":16},"end":{"line":10,"column":17}},"loc":{"start":{"line":10,"column":22},"end":{"line":185,"column":1}},"line":10},"1":{"name":"(anonymous_1)","decl":{"start":{"line":13,"column":44},"end":{"line":13,"column":45}},"loc":{"start":{"line":13,"column":55},"end":{"line":13,"column":69}},"line":13},"2":{"name":"(anonymous_2)","decl":{"start":{"line":23,"column":27},"end":{"line":23,"column":28}},"loc":{"start":{"line":23,"column":33},"end":{"line":25,"column":5}},"line":23},"3":{"name":"(anonymous_3)","decl":{"start":{"line":27,"column":14},"end":{"line":27,"column":15}},"loc":{"start":{"line":27,"column":20},"end":{"line":31,"column":5}},"line":27},"4":{"name":"(anonymous_4)","decl":{"start":{"line":33,"column":23},"end":{"line":33,"column":24}},"loc":{"start":{"line":33,"column":35},"end":{"line":55,"column":5}},"line":33},"5":{"name":"(anonymous_5)","decl":{"start":{"line":37,"column":20},"end":{"line":37,"column":21}},"loc":{"start":{"line":37,"column":28},"end":{"line":37,"column":50}},"line":37},"6":{"name":"(anonymous_6)","decl":{"start":{"line":42,"column":37},"end":{"line":42,"column":38}},"loc":{"start":{"line":42,"column":45},"end":{"line":45,"column":9}},"line":42},"7":{"name":"(anonymous_7)","decl":{"start":{"line":49,"column":24},"end":{"line":49,"column":25}},"loc":{"start":{"line":49,"column":32},"end":{"line":49,"column":74}},"line":49},"8":{"name":"(anonymous_8)","decl":{"start":{"line":51,"column":24},"end":{"line":51,"column":25}},"loc":{"start":{"line":51,"column":32},"end":{"line":51,"column":129}},"line":51},"9":{"name":"(anonymous_9)","decl":{"start":{"line":57,"column":27},"end":{"line":57,"column":28}},"loc":{"start":{"line":57,"column":34},"end":{"line":61,"column":5}},"line":57},"10":{"name":"(anonymous_10)","decl":{"start":{"line":63,"column":27},"end":{"line":63,"column":28}},"loc":{"start":{"line":63,"column":41},"end":{"line":104,"column":5}},"line":63},"11":{"name":"(anonymous_11)","decl":{"start":{"line":69,"column":27},"end":{"line":69,"column":28}},"loc":{"start":{"line":69,"column":40},"end":{"line":101,"column":17}},"line":69},"12":{"name":"(anonymous_12)","decl":{"start":{"line":73,"column":54},"end":{"line":73,"column":55}},"loc":{"start":{"line":73,"column":59},"end":{"line":73,"column":77}},"line":73},"13":{"name":"(anonymous_13)","decl":{"start":{"line":83,"column":108},"end":{"line":83,"column":109}},"loc":{"start":{"line":83,"column":114},"end":{"line":83,"column":130}},"line":83},"14":{"name":"(anonymous_14)","decl":{"start":{"line":88,"column":53},"end":{"line":88,"column":54}},"loc":{"start":{"line":88,"column":59},"end":{"line":91,"column":45}},"line":88},"15":{"name":"(anonymous_15)","decl":{"start":{"line":110,"column":25},"end":{"line":110,"column":26}},"loc":{"start":{"line":110,"column":31},"end":{"line":110,"column":49}},"line":110},"16":{"name":"(anonymous_16)","decl":{"start":{"line":131,"column":37},"end":{"line":131,"column":38}},"loc":{"start":{"line":131,"column":43},"end":{"line":131,"column":59}},"line":131},"17":{"name":"(anonymous_17)","decl":{"start":{"line":139,"column":38},"end":{"line":139,"column":39}},"loc":{"start":{"line":140,"column":28},"end":{"line":147,"column":34}},"line":140},"18":{"name":"(anonymous_18)","decl":{"start":{"line":167,"column":38},"end":{"line":167,"column":39}},"loc":{"start":{"line":167,"column":45},"end":{"line":167,"column":69}},"line":167}},"branchMap":{"0":{"loc":{"start":{"line":28,"column":8},"end":{"line":30,"column":9}},"type":"if","locations":[{"start":{"line":28,"column":8},"end":{"line":30,"column":9}},{"start":{},"end":{}}],"line":28},"1":{"loc":{"start":{"line":34,"column":8},"end":{"line":34,"column":34}},"type":"if","locations":[{"start":{"line":34,"column":8},"end":{"line":34,"column":34}},{"start":{},"end":{}}],"line":34},"2":{"loc":{"start":{"line":43,"column":20},"end":{"line":43,"column":56}},"type":"cond-expr","locations":[{"start":{"line":43,"column":40},"end":{"line":43,"column":47}},{"start":{"line":43,"column":50},"end":{"line":43,"column":56}}],"line":43},"3":{"loc":{"start":{"line":58,"column":8},"end":{"line":60,"column":9}},"type":"if","locations":[{"start":{"line":58,"column":8},"end":{"line":60,"column":9}},{"start":{},"end":{}}],"line":58},"4":{"loc":{"start":{"line":71,"column":20},"end":{"line":99,"column":21}},"type":"if","locations":[{"start":{"line":71,"column":20},"end":{"line":99,"column":21}},{"start":{},"end":{}}],"line":71},"5":{"loc":{"start":{"line":74,"column":24},"end":{"line":74,"column":50}},"type":"if","locations":[{"start":{"line":74,"column":24},"end":{"line":74,"column":50}},{"start":{},"end":{}}],"line":74},"6":{"loc":{"start":{"line":109,"column":45},"end":{"line":109,"column":65}},"type":"cond-expr","locations":[{"start":{"line":109,"column":54},"end":{"line":109,"column":60}},{"start":{"line":109,"column":63},"end":{"line":109,"column":65}}],"line":109},"7":{"loc":{"start":{"line":111,"column":28},"end":{"line":111,"column":63}},"type":"cond-expr","locations":[{"start":{"line":111,"column":37},"end":{"line":111,"column":49}},{"start":{"line":111,"column":52},"end":{"line":111,"column":63}}],"line":111},"8":{"loc":{"start":{"line":114,"column":21},"end":{"line":118,"column":21}},"type":"cond-expr","locations":[{"start":{"line":114,"column":30},"end":{"line":114,"column":33}},{"start":{"line":115,"column":24},"end":{"line":117,"column":30}}],"line":114},"9":{"loc":{"start":{"line":122,"column":13},"end":{"line":182,"column":13}},"type":"binary-expr","locations":[{"start":{"line":122,"column":13},"end":{"line":122,"column":19}},{"start":{"line":123,"column":16},"end":{"line":181,"column":22}}],"line":122},"10":{"loc":{"start":{"line":142,"column":37},"end":{"line":142,"column":67}},"type":"cond-expr","locations":[{"start":{"line":142,"column":57},"end":{"line":142,"column":60}},{"start":{"line":142,"column":63},"end":{"line":142,"column":67}}],"line":142},"11":{"loc":{"start":{"line":149,"column":25},"end":{"line":158,"column":25}},"type":"binary-expr","locations":[{"start":{"line":149,"column":25},"end":{"line":149,"column":33}},{"start":{"line":150,"column":28},"end":{"line":157,"column":34}}],"line":149},"12":{"loc":{"start":{"line":174,"column":38},"end":{"line":174,"column":63}},"type":"binary-expr","locations":[{"start":{"line":174,"column":38},"end":{"line":174,"column":46}},{"start":{"line":174,"column":50},"end":{"line":174,"column":63}}],"line":174}},"s":{"0":1,"1":16,"2":16,"3":16,"4":21,"5":16,"6":16,"7":16,"8":16,"9":16,"10":16,"11":8,"12":16,"13":14,"14":8,"15":16,"16":2,"17":0,"18":2,"19":2,"20":2,"21":2,"22":2,"23":2,"24":2,"25":2,"26":2,"27":2,"28":2,"29":0,"30":0,"31":2,"32":16,"33":1,"34":1,"35":16,"36":16,"37":16,"38":16,"39":16,"40":0,"41":0,"42":0,"43":0,"44":0,"45":0,"46":0,"47":0,"48":0,"49":16,"50":16,"51":4,"52":1,"53":16,"54":2},"f":{"0":16,"1":21,"2":8,"3":14,"4":2,"5":2,"6":2,"7":2,"8":0,"9":1,"10":16,"11":16,"12":0,"13":0,"14":0,"15":4,"16":1,"17":16,"18":2},"b":{"0":[8,6],"1":[0,2],"2":[2,0],"3":[1,0],"4":[0,16],"5":[0,0],"6":[10,6],"7":[10,6],"8":[10,6],"9":[16,10],"10":[12,4],"11":[10,2],"12":[10,8]},"_coverageSchema":"1a1c01bbd47fc00a2c39e90264f33305004495a9","hash":"3fcccb80bafb5eb65d157b08884c55bbc871c507"}
,"C:\\Users\\pc\\Desktop\\projects simplon\\fashion-fuel\\src\\context\\ToastContext.jsx": {"path":"C:\\Users\\pc\\Desktop\\projects simplon\\fashion-fuel\\src\\context\\ToastContext.jsx","statementMap":{"0":{"start":{"line":5,"column":21},"end":{"line":5,"column":36}},"1":{"start":{"line":7,"column":24},"end":{"line":13,"column":1}},"2":{"start":{"line":8,"column":20},"end":{"line":8,"column":44}},"3":{"start":{"line":9,"column":4},"end":{"line":11,"column":5}},"4":{"start":{"line":10,"column":8},"end":{"line":10,"column":72}},"5":{"start":{"line":12,"column":4},"end":{"line":12,"column":19}},"6":{"start":{"line":15,"column":29},"end":{"line":57,"column":1}},"7":{"start":{"line":16,"column":32},"end":{"line":16,"column":44}},"8":{"start":{"line":18,"column":22},"end":{"line":25,"column":10}},"9":{"start":{"line":19,"column":19},"end":{"line":19,"column":58}},"10":{"start":{"line":20,"column":8},"end":{"line":20,"column":62}},"11":{"start":{"line":20,"column":28},"end":{"line":20,"column":60}},"12":{"start":{"line":22,"column":8},"end":{"line":24,"column":17}},"13":{"start":{"line":23,"column":12},"end":{"line":23,"column":73}},"14":{"start":{"line":23,"column":32},"end":{"line":23,"column":71}},"15":{"start":{"line":23,"column":55},"end":{"line":23,"column":70}},"16":{"start":{"line":27,"column":24},"end":{"line":29,"column":10}},"17":{"start":{"line":28,"column":8},"end":{"line":28,"column":69}},"18":{"start":{"line":28,"column":28},"end":{"line":28,"column":67}},"19":{"start":{"line":28,"column":51},"end":{"line":28,"column":66}},"20":{"start":{"line":31,"column":4},"end":{"line":56,"column":6}},"21":{"start":{"line":37,"column":24},"end":{"line":51,"column":37}},"22":{"start":{"line":43,"column":43},"end":{"line":43,"column":64}}},"fnMap":{"0":{"name":"(anonymous_0)","decl":{"start":{"line":7,"column":24},"end":{"line":7,"column":25}},"loc":{"start":{"line":7,"column":30},"end":{"line":13,"column":1}},"line":7},"1":{"name":"(anonymous_1)","decl":{"start":{"line":15,"column":29},"end":{"line":15,"column":30}},"loc":{"start":{"line":15,"column":47},"end":{"line":57,"column":1}},"line":15},"2":{"name":"(anonymous_2)","decl":{"start":{"line":18,"column":34},"end":{"line":18,"column":35}},"loc":{"start":{"line":18,"column":65},"end":{"line":25,"column":5}},"line":18},"3":{"name":"(anonymous_3)","decl":{"start":{"line":20,"column":18},"end":{"line":20,"column":19}},"loc":{"start":{"line":20,"column":28},"end":{"line":20,"column":60}},"line":20},"4":{"name":"(anonymous_4)","decl":{"start":{"line":22,"column":19},"end":{"line":22,"column":20}},"loc":{"start":{"line":22,"column":25},"end":{"line":24,"column":9}},"line":22},"5":{"name":"(anonymous_5)","decl":{"start":{"line":23,"column":22},"end":{"line":23,"column":23}},"loc":{"start":{"line":23,"column":32},"end":{"line":23,"column":71}},"line":23},"6":{"name":"(anonymous_6)","decl":{"start":{"line":23,"column":44},"end":{"line":23,"column":45}},"loc":{"start":{"line":23,"column":55},"end":{"line":23,"column":70}},"line":23},"7":{"name":"(anonymous_7)","decl":{"start":{"line":27,"column":36},"end":{"line":27,"column":37}},"loc":{"start":{"line":27,"column":44},"end":{"line":29,"column":5}},"line":27},"8":{"name":"(anonymous_8)","decl":{"start":{"line":28,"column":18},"end":{"line":28,"column":19}},"loc":{"start":{"line":28,"column":28},"end":{"line":28,"column":67}},"line":28},"9":{"name":"(anonymous_9)","decl":{"start":{"line":28,"column":40},"end":{"line":28,"column":41}},"loc":{"start":{"line":28,"column":51},"end":{"line":28,"column":66}},"line":28},"10":{"name":"(anonymous_10)","decl":{"start":{"line":36,"column":32},"end":{"line":36,"column":33}},"loc":{"start":{"line":37,"column":24},"end":{"line":51,"column":37}},"line":37},"11":{"name":"(anonymous_11)","decl":{"start":{"line":43,"column":37},"end":{"line":43,"column":38}},"loc":{"start":{"line":43,"column":43},"end":{"line":43,"column":64}},"line":43}},"branchMap":{"0":{"loc":{"start":{"line":9,"column":4},"end":{"line":11,"column":5}},"type":"if","locations":[{"start":{"line":9,"column":4},"end":{"line":11,"column":5}},{"start":{},"end":{}}],"line":9},"1":{"loc":{"start":{"line":18,"column":44},"end":{"line":18,"column":60}},"type":"default-arg","locations":[{"start":{"line":18,"column":51},"end":{"line":18,"column":60}}],"line":18},"2":{"loc":{"start":{"line":46,"column":33},"end":{"line":46,"column":64}},"type":"binary-expr","locations":[{"start":{"line":46,"column":33},"end":{"line":46,"column":57}},{"start":{"line":46,"column":61},"end":{"line":46,"column":64}}],"line":46},"3":{"loc":{"start":{"line":47,"column":33},"end":{"line":47,"column":62}},"type":"binary-expr","locations":[{"start":{"line":47,"column":33},"end":{"line":47,"column":55}},{"start":{"line":47,"column":59},"end":{"line":47,"column":62}}],"line":47},"4":{"loc":{"start":{"line":48,"column":33},"end":{"line":48,"column":61}},"type":"binary-expr","locations":[{"start":{"line":48,"column":33},"end":{"line":48,"column":54}},{"start":{"line":48,"column":58},"end":{"line":48,"column":61}}],"line":48}},"s":{"0":1,"1":1,"2":16,"3":16,"4":0,"5":16,"6":1,"7":5,"8":5,"9":0,"10":0,"11":0,"12":0,"13":0,"14":0,"15":0,"16":5,"17":0,"18":0,"19":0,"20":5,"21":0,"22":0},"f":{"0":16,"1":5,"2":0,"3":0,"4":0,"5":0,"6":0,"7":0,"8":0,"9":0,"10":0,"11":0},"b":{"0":[0,16],"1":[0],"2":[0,0],"3":[0,0],"4":[0,0]},"_coverageSchema":"1a1c01bbd47fc00a2c39e90264f33305004495a9","hash":"2893037fd72a3c4f548ac0ff21a52c43bfc75562"}
,"C:\\Users\\pc\\Desktop\\projects simplon\\fashion-fuel\\src\\pages\\Admin.jsx": {"path":"C:\\Users\\pc\\Desktop\\projects simplon\\fashion-fuel\\src\\pages\\Admin.jsx","statementMap":{"0":{"start":{"line":31,"column":23},"end":{"line":31,"column":44}},"1":{"start":{"line":31,"column":29},"end":{"line":31,"column":44}},"2":{"start":{"line":32,"column":21},"end":{"line":32,"column":40}},"3":{"start":{"line":32,"column":27},"end":{"line":32,"column":40}},"4":{"start":{"line":34,"column":20},"end":{"line":34,"column":23}},"5":{"start":{"line":36,"column":14},"end":{"line":118,"column":1}},"6":{"start":{"line":37,"column":38},"end":{"line":37,"column":72}},"7":{"start":{"line":37,"column":61},"end":{"line":37,"column":71}},"8":{"start":{"line":38,"column":21},"end":{"line":38,"column":34}},"9":{"start":{"line":39,"column":42},"end":{"line":39,"column":62}},"10":{"start":{"line":42,"column":4},"end":{"line":44,"column":5}},"11":{"start":{"line":43,"column":8},"end":{"line":43,"column":54}},"12":{"start":{"line":46,"column":25},"end":{"line":48,"column":5}},"13":{"start":{"line":47,"column":8},"end":{"line":47,"column":27}},"14":{"start":{"line":50,"column":23},"end":{"line":57,"column":5}},"15":{"start":{"line":51,"column":8},"end":{"line":56,"column":9}},"16":{"start":{"line":52,"column":29},"end":{"line":52,"column":58}},"17":{"start":{"line":53,"column":29},"end":{"line":53,"column":55}},"18":{"start":{"line":54,"column":27},"end":{"line":54,"column":51}},"19":{"start":{"line":55,"column":21},"end":{"line":55,"column":50}},"20":{"start":{"line":59,"column":4},"end":{"line":117,"column":6}},"21":{"start":{"line":61,"column":87},"end":{"line":61,"column":110}},"22":{"start":{"line":90,"column":59},"end":{"line":90,"column":85}},"23":{"start":{"line":96,"column":59},"end":{"line":96,"column":85}},"24":{"start":{"line":102,"column":59},"end":{"line":102,"column":83}}},"fnMap":{"0":{"name":"(anonymous_0)","decl":{"start":{"line":31,"column":23},"end":{"line":31,"column":24}},"loc":{"start":{"line":31,"column":29},"end":{"line":31,"column":44}},"line":31},"1":{"name":"(anonymous_1)","decl":{"start":{"line":32,"column":21},"end":{"line":32,"column":22}},"loc":{"start":{"line":32,"column":27},"end":{"line":32,"column":40}},"line":32},"2":{"name":"(anonymous_2)","decl":{"start":{"line":36,"column":14},"end":{"line":36,"column":15}},"loc":{"start":{"line":36,"column":20},"end":{"line":118,"column":1}},"line":36},"3":{"name":"(anonymous_3)","decl":{"start":{"line":37,"column":50},"end":{"line":37,"column":51}},"loc":{"start":{"line":37,"column":61},"end":{"line":37,"column":71}},"line":37},"4":{"name":"(anonymous_4)","decl":{"start":{"line":46,"column":25},"end":{"line":46,"column":26}},"loc":{"start":{"line":46,"column":31},"end":{"line":48,"column":5}},"line":46},"5":{"name":"(anonymous_5)","decl":{"start":{"line":50,"column":23},"end":{"line":50,"column":24}},"loc":{"start":{"line":50,"column":29},"end":{"line":57,"column":5}},"line":50},"6":{"name":"(anonymous_6)","decl":{"start":{"line":61,"column":76},"end":{"line":61,"column":77}},"loc":{"start":{"line":61,"column":87},"end":{"line":61,"column":110}},"line":61},"7":{"name":"(anonymous_7)","decl":{"start":{"line":90,"column":53},"end":{"line":90,"column":54}},"loc":{"start":{"line":90,"column":59},"end":{"line":90,"column":85}},"line":90},"8":{"name":"(anonymous_8)","decl":{"start":{"line":96,"column":53},"end":{"line":96,"column":54}},"loc":{"start":{"line":96,"column":59},"end":{"line":96,"column":85}},"line":96},"9":{"name":"(anonymous_9)","decl":{"start":{"line":102,"column":53},"end":{"line":102,"column":54}},"loc":{"start":{"line":102,"column":59},"end":{"line":102,"column":83}},"line":102}},"branchMap":{"0":{"loc":{"start":{"line":42,"column":4},"end":{"line":44,"column":5}},"type":"if","locations":[{"start":{"line":42,"column":4},"end":{"line":44,"column":5}},{"start":{},"end":{}}],"line":42},"1":{"loc":{"start":{"line":42,"column":8},"end":{"line":42,"column":44}},"type":"binary-expr","locations":[{"start":{"line":42,"column":8},"end":{"line":42,"column":24}},{"start":{"line":42,"column":28},"end":{"line":42,"column":44}}],"line":42},"2":{"loc":{"start":{"line":51,"column":8},"end":{"line":56,"column":9}},"type":"switch","locations":[{"start":{"line":52,"column":12},"end":{"line":52,"column":58}},{"start":{"line":53,"column":12},"end":{"line":53,"column":55}},{"start":{"line":54,"column":12},"end":{"line":54,"column":51}},{"start":{"line":55,"column":12},"end":{"line":55,"column":50}}],"line":51},"3":{"loc":{"start":{"line":89,"column":82},"end":{"line":89,"column":126}},"type":"cond-expr","locations":[{"start":{"line":89,"column":111},"end":{"line":89,"column":121}},{"start":{"line":89,"column":124},"end":{"line":89,"column":126}}],"line":89},"4":{"loc":{"start":{"line":95,"column":82},"end":{"line":95,"column":126}},"type":"cond-expr","locations":[{"start":{"line":95,"column":111},"end":{"line":95,"column":121}},{"start":{"line":95,"column":124},"end":{"line":95,"column":126}}],"line":95},"5":{"loc":{"start":{"line":101,"column":82},"end":{"line":101,"column":124}},"type":"cond-expr","locations":[{"start":{"line":101,"column":109},"end":{"line":101,"column":119}},{"start":{"line":101,"column":122},"end":{"line":101,"column":124}}],"line":101}},"s":{"0":1,"1":1,"2":1,"3":1,"4":1,"5":1,"6":7,"7":12,"8":7,"9":7,"10":7,"11":2,"12":5,"13":1,"14":5,"15":5,"16":3,"17":1,"18":1,"19":0,"20":5,"21":5,"22":0,"23":1,"24":1},"f":{"0":1,"1":1,"2":7,"3":12,"4":1,"5":5,"6":5,"7":0,"8":1,"9":1},"b":{"0":[2,5],"1":[7,5],"2":[3,1,1,0],"3":[3,2],"4":[1,4],"5":[1,4]},"_coverageSchema":"1a1c01bbd47fc00a2c39e90264f33305004495a9","hash":"9529099b9870e5f49b2c52db18994b455affb75e"}
,"C:\\Users\\pc\\Desktop\\projects simplon\\fashion-fuel\\src\\pages\\Checkout.jsx": {"path":"C:\\Users\\pc\\Desktop\\projects simplon\\fashion-fuel\\src\\pages\\Checkout.jsx","statementMap":{"0":{"start":{"line":12,"column":17},"end":{"line":192,"column":1}},"1":{"start":{"line":13,"column":21},"end":{"line":13,"column":34}},"2":{"start":{"line":14,"column":21},"end":{"line":14,"column":34}},"3":{"start":{"line":15,"column":22},"end":{"line":15,"column":56}},"4":{"start":{"line":15,"column":45},"end":{"line":15,"column":55}},"5":{"start":{"line":16,"column":42},"end":{"line":16,"column":57}},"6":{"start":{"line":17,"column":34},"end":{"line":17,"column":49}},"7":{"start":{"line":18,"column":40},"end":{"line":18,"column":52}},"8":{"start":{"line":19,"column":36},"end":{"line":19,"column":47}},"9":{"start":{"line":20,"column":42},"end":{"line":20,"column":54}},"10":{"start":{"line":21,"column":46},"end":{"line":21,"column":60}},"11":{"start":{"line":23,"column":26},"end":{"line":27,"column":5}},"12":{"start":{"line":29,"column":30},"end":{"line":40,"column":5}},"13":{"start":{"line":30,"column":21},"end":{"line":30,"column":52}},"14":{"start":{"line":31,"column":8},"end":{"line":39,"column":9}},"15":{"start":{"line":32,"column":23},"end":{"line":32,"column":42}},"16":{"start":{"line":33,"column":12},"end":{"line":33,"column":46}},"17":{"start":{"line":34,"column":12},"end":{"line":34,"column":31}},"18":{"start":{"line":36,"column":12},"end":{"line":36,"column":50}},"19":{"start":{"line":37,"column":12},"end":{"line":37,"column":35}},"20":{"start":{"line":38,"column":12},"end":{"line":38,"column":27}},"21":{"start":{"line":42,"column":21},"end":{"line":42,"column":91}},"22":{"start":{"line":42,"column":51},"end":{"line":42,"column":87}},"23":{"start":{"line":45,"column":25},"end":{"line":45,"column":26}},"24":{"start":{"line":46,"column":4},"end":{"line":52,"column":5}},"25":{"start":{"line":47,"column":8},"end":{"line":51,"column":9}},"26":{"start":{"line":48,"column":12},"end":{"line":48,"column":68}},"27":{"start":{"line":50,"column":12},"end":{"line":50,"column":49}},"28":{"start":{"line":54,"column":16},"end":{"line":54,"column":49}},"29":{"start":{"line":55,"column":18},"end":{"line":55,"column":49}},"30":{"start":{"line":57,"column":29},"end":{"line":99,"column":5}},"31":{"start":{"line":58,"column":8},"end":{"line":58,"column":25}},"32":{"start":{"line":59,"column":8},"end":{"line":98,"column":9}},"33":{"start":{"line":60,"column":30},"end":{"line":73,"column":13}},"34":{"start":{"line":64,"column":42},"end":{"line":69,"column":17}},"35":{"start":{"line":75,"column":12},"end":{"line":75,"column":41}},"36":{"start":{"line":78,"column":31},"end":{"line":78,"column":51}},"37":{"start":{"line":79,"column":12},"end":{"line":89,"column":13}},"38":{"start":{"line":80,"column":16},"end":{"line":86,"column":17}},"39":{"start":{"line":81,"column":20},"end":{"line":81,"column":81}},"40":{"start":{"line":82,"column":37},"end":{"line":82,"column":76}},"41":{"start":{"line":83,"column":20},"end":{"line":83,"column":72}},"42":{"start":{"line":85,"column":20},"end":{"line":85,"column":86}},"43":{"start":{"line":88,"column":16},"end":{"line":88,"column":89}},"44":{"start":{"line":91,"column":12},"end":{"line":91,"column":34}},"45":{"start":{"line":92,"column":12},"end":{"line":92,"column":33}},"46":{"start":{"line":94,"column":12},"end":{"line":94,"column":57}},"47":{"start":{"line":95,"column":12},"end":{"line":95,"column":78}},"48":{"start":{"line":97,"column":12},"end":{"line":97,"column":30}},"49":{"start":{"line":101,"column":4},"end":{"line":109,"column":5}},"50":{"start":{"line":102,"column":8},"end":{"line":108,"column":10}},"51":{"start":{"line":106,"column":62},"end":{"line":106,"column":75}},"52":{"start":{"line":111,"column":4},"end":{"line":114,"column":5}},"53":{"start":{"line":112,"column":8},"end":{"line":112,"column":26}},"54":{"start":{"line":113,"column":8},"end":{"line":113,"column":20}},"55":{"start":{"line":116,"column":4},"end":{"line":191,"column":6}},"56":{"start":{"line":129,"column":32},"end":{"line":135,"column":38}},"57":{"start":{"line":145,"column":53},"end":{"line":145,"column":82}}},"fnMap":{"0":{"name":"(anonymous_0)","decl":{"start":{"line":12,"column":17},"end":{"line":12,"column":18}},"loc":{"start":{"line":12,"column":23},"end":{"line":192,"column":1}},"line":12},"1":{"name":"(anonymous_1)","decl":{"start":{"line":15,"column":34},"end":{"line":15,"column":35}},"loc":{"start":{"line":15,"column":45},"end":{"line":15,"column":55}},"line":15},"2":{"name":"(anonymous_2)","decl":{"start":{"line":29,"column":30},"end":{"line":29,"column":31}},"loc":{"start":{"line":29,"column":36},"end":{"line":40,"column":5}},"line":29},"3":{"name":"(anonymous_3)","decl":{"start":{"line":42,"column":34},"end":{"line":42,"column":35}},"loc":{"start":{"line":42,"column":51},"end":{"line":42,"column":87}},"line":42},"4":{"name":"(anonymous_4)","decl":{"start":{"line":57,"column":29},"end":{"line":57,"column":30}},"loc":{"start":{"line":57,"column":53},"end":{"line":99,"column":5}},"line":57},"5":{"name":"(anonymous_5)","decl":{"start":{"line":64,"column":33},"end":{"line":64,"column":34}},"loc":{"start":{"line":64,"column":42},"end":{"line":69,"column":17}},"line":64},"6":{"name":"(anonymous_6)","decl":{"start":{"line":106,"column":56},"end":{"line":106,"column":57}},"loc":{"start":{"line":106,"column":62},"end":{"line":106,"column":75}},"line":106},"7":{"name":"(anonymous_7)","decl":{"start":{"line":128,"column":39},"end":{"line":128,"column":40}},"loc":{"start":{"line":129,"column":32},"end":{"line":135,"column":38}},"line":129},"8":{"name":"(anonymous_8)","decl":{"start":{"line":145,"column":46},"end":{"line":145,"column":47}},"loc":{"start":{"line":145,"column":53},"end":{"line":145,"column":82}},"line":145}},"branchMap":{"0":{"loc":{"start":{"line":31,"column":8},"end":{"line":39,"column":9}},"type":"if","locations":[{"start":{"line":31,"column":8},"end":{"line":39,"column":9}},{"start":{"line":35,"column":15},"end":{"line":39,"column":9}}],"line":31},"1":{"loc":{"start":{"line":46,"column":4},"end":{"line":52,"column":5}},"type":"if","locations":[{"start":{"line":46,"column":4},"end":{"line":52,"column":5}},{"start":{},"end":{}}],"line":46},"2":{"loc":{"start":{"line":47,"column":8},"end":{"line":51,"column":9}},"type":"if","locations":[{"start":{"line":47,"column":8},"end":{"line":51,"column":9}},{"start":{"line":49,"column":15},"end":{"line":51,"column":9}}],"line":47},"3":{"loc":{"start":{"line":66,"column":27},"end":{"line":66,"column":50}},"type":"binary-expr","locations":[{"start":{"line":66,"column":27},"end":{"line":66,"column":37}},{"start":{"line":66,"column":41},"end":{"line":66,"column":50}}],"line":66},"4":{"loc":{"start":{"line":79,"column":12},"end":{"line":89,"column":13}},"type":"if","locations":[{"start":{"line":79,"column":12},"end":{"line":89,"column":13}},{"start":{"line":87,"column":19},"end":{"line":89,"column":13}}],"line":79},"5":{"loc":{"start":{"line":101,"column":4},"end":{"line":109,"column":5}},"type":"if","locations":[{"start":{"line":101,"column":4},"end":{"line":109,"column":5}},{"start":{},"end":{}}],"line":101},"6":{"loc":{"start":{"line":111,"column":4},"end":{"line":114,"column":5}},"type":"if","locations":[{"start":{"line":111,"column":4},"end":{"line":114,"column":5}},{"start":{},"end":{}}],"line":111},"7":{"loc":{"start":{"line":131,"column":67},"end":{"line":131,"column":90}},"type":"binary-expr","locations":[{"start":{"line":131,"column":67},"end":{"line":131,"column":77}},{"start":{"line":131,"column":81},"end":{"line":131,"column":90}}],"line":131},"8":{"loc":{"start":{"line":132,"column":47},"end":{"line":132,"column":70}},"type":"binary-expr","locations":[{"start":{"line":132,"column":47},"end":{"line":132,"column":57}},{"start":{"line":132,"column":61},"end":{"line":132,"column":70}}],"line":132},"9":{"loc":{"start":{"line":158,"column":29},"end":{"line":158,"column":132}},"type":"binary-expr","locations":[{"start":{"line":158,"column":29},"end":{"line":158,"column":40}},{"start":{"line":158,"column":44},"end":{"line":158,"column":132}}],"line":158},"10":{"loc":{"start":{"line":159,"column":29},"end":{"line":163,"column":29}},"type":"binary-expr","locations":[{"start":{"line":159,"column":29},"end":{"line":159,"column":42}},{"start":{"line":160,"column":32},"end":{"line":162,"column":36}}],"line":159},"11":{"loc":{"start":{"line":161,"column":77},"end":{"line":161,"column":168}},"type":"cond-expr","locations":[{"start":{"line":161,"column":115},"end":{"line":161,"column":140}},{"start":{"line":161,"column":143},"end":{"line":161,"column":168}}],"line":161},"12":{"loc":{"start":{"line":172,"column":29},"end":{"line":177,"column":29}},"type":"binary-expr","locations":[{"start":{"line":172,"column":29},"end":{"line":172,"column":47}},{"start":{"line":173,"column":32},"end":{"line":176,"column":38}}],"line":172}},"s":{"0":1,"1":8,"2":8,"3":8,"4":13,"5":8,"6":8,"7":8,"8":8,"9":8,"10":8,"11":8,"12":8,"13":0,"14":0,"15":0,"16":0,"17":0,"18":0,"19":0,"20":0,"21":8,"22":6,"23":8,"24":8,"25":0,"26":0,"27":0,"28":8,"29":8,"30":8,"31":2,"32":2,"33":2,"34":2,"35":2,"36":1,"37":1,"38":1,"39":1,"40":1,"41":1,"42":0,"43":0,"44":1,"45":1,"46":1,"47":1,"48":2,"49":8,"50":1,"51":0,"52":7,"53":1,"54":1,"55":6,"56":6,"57":0},"f":{"0":8,"1":13,"2":0,"3":6,"4":2,"5":2,"6":0,"7":6,"8":0},"b":{"0":[0,0],"1":[0,8],"2":[0,0],"3":[2,0],"4":[1,0],"5":[1,7],"6":[1,6],"7":[6,0],"8":[6,0],"9":[6,0],"10":[6,0],"11":[0,0],"12":[6,0]},"_coverageSchema":"1a1c01bbd47fc00a2c39e90264f33305004495a9","hash":"b44cb9a5f3896b25f75beef2cd5f306a3ff3eabd"}
,"C:\\Users\\pc\\Desktop\\projects simplon\\fashion-fuel\\src\\redux\\slices\\authSlice.js": {"path":"C:\\Users\\pc\\Desktop\\projects simplon\\fashion-fuel\\src\\redux\\slices\\authSlice.js","statementMap":{"0":{"start":{"line":3,"column":21},"end":{"line":7,"column":1}},"1":{"start":{"line":10,"column":18},"end":{"line":10,"column":46}},"2":{"start":{"line":11,"column":23},"end":{"line":11,"column":71}},"3":{"start":{"line":13,"column":18},"end":{"line":31,"column":2}},"4":{"start":{"line":18,"column":36},"end":{"line":18,"column":50}},"5":{"start":{"line":19,"column":12},"end":{"line":19,"column":41}},"6":{"start":{"line":20,"column":12},"end":{"line":20,"column":41}},"7":{"start":{"line":21,"column":12},"end":{"line":21,"column":30}},"8":{"start":{"line":22,"column":12},"end":{"line":22,"column":64}},"9":{"start":{"line":25,"column":12},"end":{"line":25,"column":42}},"10":{"start":{"line":26,"column":12},"end":{"line":26,"column":30}},"11":{"start":{"line":27,"column":12},"end":{"line":27,"column":30}},"12":{"start":{"line":28,"column":12},"end":{"line":28,"column":44}},"13":{"start":{"line":33,"column":33},"end":{"line":33,"column":50}}},"fnMap":{"0":{"name":"(anonymous_0)","decl":{"start":{"line":17,"column":15},"end":{"line":17,"column":16}},"loc":{"start":{"line":17,"column":34},"end":{"line":23,"column":9}},"line":17},"1":{"name":"(anonymous_1)","decl":{"start":{"line":24,"column":16},"end":{"line":24,"column":17}},"loc":{"start":{"line":24,"column":27},"end":{"line":29,"column":9}},"line":24}},"branchMap":{"0":{"loc":{"start":{"line":11,"column":23},"end":{"line":11,"column":71}},"type":"cond-expr","locations":[{"start":{"line":11,"column":35},"end":{"line":11,"column":56}},{"start":{"line":11,"column":59},"end":{"line":11,"column":71}}],"line":11}},"s":{"0":2,"1":2,"2":2,"3":2,"4":1,"5":1,"6":1,"7":1,"8":1,"9":2,"10":2,"11":2,"12":2,"13":2},"f":{"0":1,"1":2},"b":{"0":[0,2]},"_coverageSchema":"1a1c01bbd47fc00a2c39e90264f33305004495a9","hash":"366c5dc2cc1cd8db45de46d43f6951058e93eb83"}
,"C:\\Users\\pc\\Desktop\\projects simplon\\fashion-fuel\\src\\redux\\slices\\cartSlice.js": {"path":"C:\\Users\\pc\\Desktop\\projects simplon\\fashion-fuel\\src\\redux\\slices\\cartSlice.js","statementMap":{"0":{"start":{"line":3,"column":28},"end":{"line":13,"column":1}},"1":{"start":{"line":4,"column":4},"end":{"line":12,"column":5}},"2":{"start":{"line":5,"column":32},"end":{"line":5,"column":60}},"3":{"start":{"line":6,"column":8},"end":{"line":6,"column":40}},"4":{"start":{"line":6,"column":30},"end":{"line":6,"column":40}},"5":{"start":{"line":8,"column":23},"end":{"line":8,"column":50}},"6":{"start":{"line":9,"column":8},"end":{"line":9,"column":51}},"7":{"start":{"line":11,"column":8},"end":{"line":11,"column":18}},"8":{"start":{"line":15,"column":26},"end":{"line":22,"column":1}},"9":{"start":{"line":16,"column":4},"end":{"line":21,"column":5}},"10":{"start":{"line":17,"column":32},"end":{"line":17,"column":52}},"11":{"start":{"line":18,"column":8},"end":{"line":18,"column":54}},"12":{"start":{"line":24,"column":18},"end":{"line":59,"column":2}},"13":{"start":{"line":31,"column":28},"end":{"line":31,"column":42}},"14":{"start":{"line":32,"column":33},"end":{"line":32,"column":81}},"15":{"start":{"line":32,"column":58},"end":{"line":32,"column":80}},"16":{"start":{"line":34,"column":12},"end":{"line":38,"column":13}},"17":{"start":{"line":35,"column":16},"end":{"line":35,"column":43}},"18":{"start":{"line":37,"column":16},"end":{"line":37,"column":62}},"19":{"start":{"line":39,"column":12},"end":{"line":39,"column":43}},"20":{"start":{"line":42,"column":23},"end":{"line":42,"column":37}},"21":{"start":{"line":43,"column":12},"end":{"line":43,"column":69}},"22":{"start":{"line":43,"column":53},"end":{"line":43,"column":67}},"23":{"start":{"line":44,"column":12},"end":{"line":44,"column":43}},"24":{"start":{"line":47,"column":37},"end":{"line":47,"column":51}},"25":{"start":{"line":48,"column":25},"end":{"line":48,"column":65}},"26":{"start":{"line":48,"column":50},"end":{"line":48,"column":64}},"27":{"start":{"line":49,"column":12},"end":{"line":51,"column":13}},"28":{"start":{"line":50,"column":16},"end":{"line":50,"column":41}},"29":{"start":{"line":52,"column":12},"end":{"line":52,"column":43}},"30":{"start":{"line":55,"column":12},"end":{"line":55,"column":29}},"31":{"start":{"line":56,"column":12},"end":{"line":56,"column":43}},"32":{"start":{"line":61,"column":72},"end":{"line":61,"column":89}},"33":{"start":{"line":64,"column":36},"end":{"line":64,"column":70}},"34":{"start":{"line":64,"column":47},"end":{"line":64,"column":70}}},"fnMap":{"0":{"name":"(anonymous_0)","decl":{"start":{"line":3,"column":28},"end":{"line":3,"column":29}},"loc":{"start":{"line":3,"column":34},"end":{"line":13,"column":1}},"line":3},"1":{"name":"(anonymous_1)","decl":{"start":{"line":15,"column":26},"end":{"line":15,"column":27}},"loc":{"start":{"line":15,"column":36},"end":{"line":22,"column":1}},"line":15},"2":{"name":"(anonymous_2)","decl":{"start":{"line":30,"column":19},"end":{"line":30,"column":20}},"loc":{"start":{"line":30,"column":38},"end":{"line":40,"column":9}},"line":30},"3":{"name":"(anonymous_3)","decl":{"start":{"line":32,"column":50},"end":{"line":32,"column":51}},"loc":{"start":{"line":32,"column":58},"end":{"line":32,"column":80}},"line":32},"4":{"name":"(anonymous_4)","decl":{"start":{"line":41,"column":24},"end":{"line":41,"column":25}},"loc":{"start":{"line":41,"column":43},"end":{"line":45,"column":9}},"line":41},"5":{"name":"(anonymous_5)","decl":{"start":{"line":43,"column":45},"end":{"line":43,"column":46}},"loc":{"start":{"line":43,"column":53},"end":{"line":43,"column":67}},"line":43},"6":{"name":"(anonymous_6)","decl":{"start":{"line":46,"column":24},"end":{"line":46,"column":25}},"loc":{"start":{"line":46,"column":43},"end":{"line":53,"column":9}},"line":46},"7":{"name":"(anonymous_7)","decl":{"start":{"line":48,"column":42},"end":{"line":48,"column":43}},"loc":{"start":{"line":48,"column":50},"end":{"line":48,"column":64}},"line":48},"8":{"name":"(anonymous_8)","decl":{"start":{"line":54,"column":19},"end":{"line":54,"column":20}},"loc":{"start":{"line":54,"column":30},"end":{"line":57,"column":9}},"line":54},"9":{"name":"(anonymous_9)","decl":{"start":{"line":64,"column":36},"end":{"line":64,"column":37}},"loc":{"start":{"line":64,"column":47},"end":{"line":64,"column":70}},"line":64}},"branchMap":{"0":{"loc":{"start":{"line":6,"column":8},"end":{"line":6,"column":40}},"type":"if","locations":[{"start":{"line":6,"column":8},"end":{"line":6,"column":40}},{"start":{},"end":{}}],"line":6},"1":{"loc":{"start":{"line":9,"column":15},"end":{"line":9,"column":50}},"type":"cond-expr","locations":[{"start":{"line":9,"column":39},"end":{"line":9,"column":45}},{"start":{"line":9,"column":48},"end":{"line":9,"column":50}}],"line":9},"2":{"loc":{"start":{"line":34,"column":12},"end":{"line":38,"column":13}},"type":"if","locations":[{"start":{"line":34,"column":12},"end":{"line":38,"column":13}},{"start":{"line":36,"column":19},"end":{"line":38,"column":13}}],"line":34},"3":{"loc":{"start":{"line":49,"column":12},"end":{"line":51,"column":13}},"type":"if","locations":[{"start":{"line":49,"column":12},"end":{"line":51,"column":13}},{"start":{},"end":{}}],"line":49},"4":{"loc":{"start":{"line":49,"column":16},"end":{"line":49,"column":36}},"type":"binary-expr","locations":[{"start":{"line":49,"column":16},"end":{"line":49,"column":20}},{"start":{"line":49,"column":24},"end":{"line":49,"column":36}}],"line":49}},"s":{"0":3,"1":3,"2":3,"3":3,"4":3,"5":0,"6":0,"7":0,"8":3,"9":6,"10":6,"11":6,"12":3,"13":2,"14":2,"15":1,"16":2,"17":1,"18":1,"19":2,"20":1,"21":1,"22":2,"23":1,"24":1,"25":1,"26":1,"27":1,"28":1,"29":1,"30":2,"31":2,"32":3,"33":3,"34":2},"f":{"0":3,"1":6,"2":2,"3":1,"4":1,"5":2,"6":1,"7":1,"8":2,"9":2},"b":{"0":[3,0],"1":[0,0],"2":[1,1],"3":[1,0],"4":[1,1]},"_coverageSchema":"1a1c01bbd47fc00a2c39e90264f33305004495a9","hash":"83a44a81abe7d07fd67495fdb83685bcaee0e5e9"}
,"C:\\Users\\pc\\Desktop\\projects simplon\\fashion-fuel\\src\\redux\\slices\\productSlice.js": {"path":"C:\\Users\\pc\\Desktop\\projects simplon\\fashion-fuel\\src\\redux\\slices\\productSlice.js","statementMap":{"0":{"start":{"line":6,"column":29},"end":{"line":16,"column":1}},"1":{"start":{"line":9,"column":8},"end":{"line":14,"column":9}},"2":{"start":{"line":10,"column":29},"end":{"line":10,"column":55}},"3":{"start":{"line":11,"column":12},"end":{"line":11,"column":33}},"4":{"start":{"line":13,"column":12},"end":{"line":13,"column":74}},"5":{"start":{"line":19,"column":32},"end":{"line":29,"column":1}},"6":{"start":{"line":22,"column":8},"end":{"line":27,"column":9}},"7":{"start":{"line":23,"column":29},"end":{"line":23,"column":61}},"8":{"start":{"line":24,"column":12},"end":{"line":24,"column":33}},"9":{"start":{"line":26,"column":12},"end":{"line":26,"column":74}},"10":{"start":{"line":31,"column":21},"end":{"line":115,"column":2}},"11":{"start":{"line":44,"column":29},"end":{"line":44,"column":43}},"12":{"start":{"line":45,"column":12},"end":{"line":45,"column":45}},"13":{"start":{"line":46,"column":12},"end":{"line":46,"column":35}},"14":{"start":{"line":47,"column":12},"end":{"line":51,"column":13}},"15":{"start":{"line":48,"column":16},"end":{"line":48,"column":50}},"16":{"start":{"line":50,"column":16},"end":{"line":50,"column":93}},"17":{"start":{"line":50,"column":65},"end":{"line":50,"column":91}},"18":{"start":{"line":54,"column":26},"end":{"line":54,"column":40}},"19":{"start":{"line":55,"column":12},"end":{"line":55,"column":38}},"20":{"start":{"line":57,"column":12},"end":{"line":65,"column":13}},"21":{"start":{"line":59,"column":16},"end":{"line":63,"column":17}},"22":{"start":{"line":60,"column":20},"end":{"line":60,"column":54}},"23":{"start":{"line":62,"column":20},"end":{"line":62,"column":110}},"24":{"start":{"line":62,"column":69},"end":{"line":62,"column":108}},"25":{"start":{"line":64,"column":16},"end":{"line":64,"column":23}},"26":{"start":{"line":68,"column":28},"end":{"line":72,"column":13}},"27":{"start":{"line":74,"column":32},"end":{"line":76,"column":85}},"28":{"start":{"line":76,"column":45},"end":{"line":76,"column":84}},"29":{"start":{"line":78,"column":25},"end":{"line":78,"column":55}},"30":{"start":{"line":79,"column":28},"end":{"line":79,"column":46}},"31":{"start":{"line":80,"column":12},"end":{"line":80,"column":69}},"32":{"start":{"line":80,"column":56},"end":{"line":80,"column":67}},"33":{"start":{"line":83,"column":12},"end":{"line":83,"column":41}},"34":{"start":{"line":87,"column":8},"end":{"line":113,"column":15}},"35":{"start":{"line":89,"column":16},"end":{"line":89,"column":37}},"36":{"start":{"line":90,"column":16},"end":{"line":90,"column":35}},"37":{"start":{"line":93,"column":16},"end":{"line":93,"column":38}},"38":{"start":{"line":94,"column":16},"end":{"line":94,"column":45}},"39":{"start":{"line":95,"column":16},"end":{"line":95,"column":53}},"40":{"start":{"line":98,"column":16},"end":{"line":98,"column":38}},"41":{"start":{"line":99,"column":16},"end":{"line":99,"column":45}},"42":{"start":{"line":103,"column":16},"end":{"line":103,"column":37}},"43":{"start":{"line":104,"column":16},"end":{"line":104,"column":35}},"44":{"start":{"line":107,"column":16},"end":{"line":107,"column":38}},"45":{"start":{"line":108,"column":16},"end":{"line":108,"column":55}},"46":{"start":{"line":111,"column":16},"end":{"line":111,"column":38}},"47":{"start":{"line":112,"column":16},"end":{"line":112,"column":45}},"48":{"start":{"line":117,"column":74},"end":{"line":117,"column":94}}},"fnMap":{"0":{"name":"(anonymous_0)","decl":{"start":{"line":8,"column":4},"end":{"line":8,"column":5}},"loc":{"start":{"line":8,"column":38},"end":{"line":15,"column":5}},"line":8},"1":{"name":"(anonymous_1)","decl":{"start":{"line":21,"column":4},"end":{"line":21,"column":5}},"loc":{"start":{"line":21,"column":39},"end":{"line":28,"column":5}},"line":21},"2":{"name":"(anonymous_2)","decl":{"start":{"line":43,"column":26},"end":{"line":43,"column":27}},"loc":{"start":{"line":43,"column":45},"end":{"line":52,"column":9}},"line":43},"3":{"name":"(anonymous_3)","decl":{"start":{"line":50,"column":57},"end":{"line":50,"column":58}},"loc":{"start":{"line":50,"column":65},"end":{"line":50,"column":91}},"line":50},"4":{"name":"(anonymous_4)","decl":{"start":{"line":53,"column":24},"end":{"line":53,"column":25}},"loc":{"start":{"line":53,"column":43},"end":{"line":81,"column":9}},"line":53},"5":{"name":"(anonymous_5)","decl":{"start":{"line":62,"column":61},"end":{"line":62,"column":62}},"loc":{"start":{"line":62,"column":69},"end":{"line":62,"column":108}},"line":62},"6":{"name":"(anonymous_6)","decl":{"start":{"line":76,"column":37},"end":{"line":76,"column":38}},"loc":{"start":{"line":76,"column":45},"end":{"line":76,"column":84}},"line":76},"7":{"name":"(anonymous_7)","decl":{"start":{"line":80,"column":46},"end":{"line":80,"column":47}},"loc":{"start":{"line":80,"column":56},"end":{"line":80,"column":67}},"line":80},"8":{"name":"(anonymous_8)","decl":{"start":{"line":82,"column":30},"end":{"line":82,"column":31}},"loc":{"start":{"line":82,"column":41},"end":{"line":84,"column":9}},"line":82},"9":{"name":"(anonymous_9)","decl":{"start":{"line":86,"column":19},"end":{"line":86,"column":20}},"loc":{"start":{"line":86,"column":32},"end":{"line":114,"column":5}},"line":86},"10":{"name":"(anonymous_10)","decl":{"start":{"line":88,"column":44},"end":{"line":88,"column":45}},"loc":{"start":{"line":88,"column":55},"end":{"line":91,"column":13}},"line":88},"11":{"name":"(anonymous_11)","decl":{"start":{"line":92,"column":46},"end":{"line":92,"column":47}},"loc":{"start":{"line":92,"column":65},"end":{"line":96,"column":13}},"line":92},"12":{"name":"(anonymous_12)","decl":{"start":{"line":97,"column":45},"end":{"line":97,"column":46}},"loc":{"start":{"line":97,"column":64},"end":{"line":100,"column":13}},"line":97},"13":{"name":"(anonymous_13)","decl":{"start":{"line":102,"column":47},"end":{"line":102,"column":48}},"loc":{"start":{"line":102,"column":58},"end":{"line":105,"column":13}},"line":102},"14":{"name":"(anonymous_14)","decl":{"start":{"line":106,"column":49},"end":{"line":106,"column":50}},"loc":{"start":{"line":106,"column":68},"end":{"line":109,"column":13}},"line":106},"15":{"name":"(anonymous_15)","decl":{"start":{"line":110,"column":48},"end":{"line":110,"column":49}},"loc":{"start":{"line":110,"column":67},"end":{"line":113,"column":13}},"line":110}},"branchMap":{"0":{"loc":{"start":{"line":13,"column":35},"end":{"line":13,"column":72}},"type":"binary-expr","locations":[{"start":{"line":13,"column":35},"end":{"line":13,"column":55}},{"start":{"line":13,"column":59},"end":{"line":13,"column":72}}],"line":13},"1":{"loc":{"start":{"line":26,"column":35},"end":{"line":26,"column":72}},"type":"binary-expr","locations":[{"start":{"line":26,"column":35},"end":{"line":26,"column":55}},{"start":{"line":26,"column":59},"end":{"line":26,"column":72}}],"line":26},"2":{"loc":{"start":{"line":47,"column":12},"end":{"line":51,"column":13}},"type":"if","locations":[{"start":{"line":47,"column":12},"end":{"line":51,"column":13}},{"start":{"line":49,"column":19},"end":{"line":51,"column":13}}],"line":47},"3":{"loc":{"start":{"line":57,"column":12},"end":{"line":65,"column":13}},"type":"if","locations":[{"start":{"line":57,"column":12},"end":{"line":65,"column":13}},{"start":{},"end":{}}],"line":57},"4":{"loc":{"start":{"line":59,"column":16},"end":{"line":63,"column":17}},"type":"if","locations":[{"start":{"line":59,"column":16},"end":{"line":63,"column":17}},{"start":{"line":61,"column":23},"end":{"line":63,"column":17}}],"line":59},"5":{"loc":{"start":{"line":74,"column":32},"end":{"line":76,"column":85}},"type":"cond-expr","locations":[{"start":{"line":75,"column":18},"end":{"line":75,"column":29}},{"start":{"line":76,"column":18},"end":{"line":76,"column":85}}],"line":74}},"s":{"0":1,"1":0,"2":0,"3":0,"4":0,"5":1,"6":0,"7":0,"8":0,"9":0,"10":1,"11":0,"12":0,"13":0,"14":0,"15":0,"16":0,"17":0,"18":0,"19":0,"20":0,"21":0,"22":0,"23":0,"24":0,"25":0,"26":0,"27":0,"28":0,"29":0,"30":0,"31":0,"32":0,"33":0,"34":1,"35":0,"36":0,"37":0,"38":0,"39":0,"40":0,"41":0,"42":0,"43":0,"44":0,"45":0,"46":0,"47":0,"48":1},"f":{"0":0,"1":0,"2":0,"3":0,"4":0,"5":0,"6":0,"7":0,"8":0,"9":1,"10":0,"11":0,"12":0,"13":0,"14":0,"15":0},"b":{"0":[0,0],"1":[0,0],"2":[0,0],"3":[0,0],"4":[0,0],"5":[0,0]},"_coverageSchema":"1a1c01bbd47fc00a2c39e90264f33305004495a9","hash":"18c3b5c1f3098c6bb446ae88425bbcece6a0a986"}
,"C:\\Users\\pc\\Desktop\\projects simplon\\fashion-fuel\\src\\services\\api.js": {"path":"C:\\Users\\pc\\Desktop\\projects simplon\\fashion-fuel\\src\\services\\api.js","statementMap":{"0":{"start":{"line":3,"column":12},"end":{"line":8,"column":2}},"1":{"start":{"line":10,"column":27},"end":{"line":10,"column":53}},"2":{"start":{"line":10,"column":33},"end":{"line":10,"column":53}},"3":{"start":{"line":11,"column":26},"end":{"line":11,"column":60}},"4":{"start":{"line":11,"column":34},"end":{"line":11,"column":60}},"5":{"start":{"line":12,"column":29},"end":{"line":12,"column":72}},"6":{"start":{"line":12,"column":42},"end":{"line":12,"column":72}},"7":{"start":{"line":13,"column":29},"end":{"line":13,"column":81}},"8":{"start":{"line":13,"column":46},"end":{"line":13,"column":81}},"9":{"start":{"line":14,"column":29},"end":{"line":14,"column":66}},"10":{"start":{"line":14,"column":37},"end":{"line":14,"column":66}},"11":{"start":{"line":16,"column":25},"end":{"line":16,"column":49}},"12":{"start":{"line":16,"column":31},"end":{"line":16,"column":49}},"13":{"start":{"line":17,"column":27},"end":{"line":17,"column":73}},"14":{"start":{"line":17,"column":42},"end":{"line":17,"column":73}},"15":{"start":{"line":18,"column":27},"end":{"line":18,"column":64}},"16":{"start":{"line":18,"column":38},"end":{"line":18,"column":64}},"17":{"start":{"line":20,"column":26},"end":{"line":20,"column":83}},"18":{"start":{"line":20,"column":41},"end":{"line":20,"column":83}},"19":{"start":{"line":21,"column":28},"end":{"line":21,"column":68}},"20":{"start":{"line":21,"column":40},"end":{"line":21,"column":68}}},"fnMap":{"0":{"name":"(anonymous_0)","decl":{"start":{"line":10,"column":27},"end":{"line":10,"column":28}},"loc":{"start":{"line":10,"column":33},"end":{"line":10,"column":53}},"line":10},"1":{"name":"(anonymous_1)","decl":{"start":{"line":11,"column":26},"end":{"line":11,"column":27}},"loc":{"start":{"line":11,"column":34},"end":{"line":11,"column":60}},"line":11},"2":{"name":"(anonymous_2)","decl":{"start":{"line":12,"column":29},"end":{"line":12,"column":30}},"loc":{"start":{"line":12,"column":42},"end":{"line":12,"column":72}},"line":12},"3":{"name":"(anonymous_3)","decl":{"start":{"line":13,"column":29},"end":{"line":13,"column":30}},"loc":{"start":{"line":13,"column":46},"end":{"line":13,"column":81}},"line":13},"4":{"name":"(anonymous_4)","decl":{"start":{"line":14,"column":29},"end":{"line":14,"column":30}},"loc":{"start":{"line":14,"column":37},"end":{"line":14,"column":66}},"line":14},"5":{"name":"(anonymous_5)","decl":{"start":{"line":16,"column":25},"end":{"line":16,"column":26}},"loc":{"start":{"line":16,"column":31},"end":{"line":16,"column":49}},"line":16},"6":{"name":"(anonymous_6)","decl":{"start":{"line":17,"column":27},"end":{"line":17,"column":28}},"loc":{"start":{"line":17,"column":42},"end":{"line":17,"column":73}},"line":17},"7":{"name":"(anonymous_7)","decl":{"start":{"line":18,"column":27},"end":{"line":18,"column":28}},"loc":{"start":{"line":18,"column":38},"end":{"line":18,"column":64}},"line":18},"8":{"name":"(anonymous_8)","decl":{"start":{"line":20,"column":26},"end":{"line":20,"column":27}},"loc":{"start":{"line":20,"column":41},"end":{"line":20,"column":83}},"line":20},"9":{"name":"(anonymous_9)","decl":{"start":{"line":21,"column":28},"end":{"line":21,"column":29}},"loc":{"start":{"line":21,"column":40},"end":{"line":21,"column":68}},"line":21}},"branchMap":{},"s":{"0":2,"1":2,"2":0,"3":2,"4":0,"5":2,"6":0,"7":2,"8":0,"9":2,"10":0,"11":2,"12":0,"13":2,"14":0,"15":2,"16":0,"17":2,"18":0,"19":2,"20":0},"f":{"0":0,"1":0,"2":0,"3":0,"4":0,"5":0,"6":0,"7":0,"8":0,"9":0},"b":{},"_coverageSchema":"1a1c01bbd47fc00a2c39e90264f33305004495a9","hash":"37883db0bca7f25310974a0d9a90b096c788a7d7"}
,"C:\\Users\\pc\\Desktop\\projects simplon\\fashion-fuel\\src\\utils\\formatCurrency.js": {"path":"C:\\Users\\pc\\Desktop\\projects simplon\\fashion-fuel\\src\\utils\\formatCurrency.js","statementMap":{"0":{"start":{"line":1,"column":30},"end":{"line":6,"column":1}},"1":{"start":{"line":2,"column":4},"end":{"line":5,"column":22}}},"fnMap":{"0":{"name":"(anonymous_0)","decl":{"start":{"line":1,"column":30},"end":{"line":1,"column":31}},"loc":{"start":{"line":1,"column":42},"end":{"line":6,"column":1}},"line":1}},"branchMap":{},"s":{"0":2,"1":24},"f":{"0":24},"b":{},"_coverageSchema":"1a1c01bbd47fc00a2c39e90264f33305004495a9","hash":"c930ac6a9d875a7e47727ae732fff650a103ab54"}
}
