TN:
SF:src\components\common\ChatBot.jsx
FN:10,(anonymous_0)
FN:13,(anonymous_1)
FN:23,(anonymous_2)
FN:27,(anonymous_3)
FN:33,(anonymous_4)
FN:37,(anonymous_5)
FN:42,(anonymous_6)
FN:49,(anonymous_7)
FN:51,(anonymous_8)
FN:57,(anonymous_9)
FN:63,(anonymous_10)
FN:69,(anonymous_11)
FN:73,(anonymous_12)
FN:83,(anonymous_13)
FN:88,(anonymous_14)
FN:110,(anonymous_15)
FN:131,(anonymous_16)
FN:139,(anonymous_17)
FN:167,(anonymous_18)
FNF:19
FNH:15
FNDA:16,(anonymous_0)
FNDA:21,(anonymous_1)
FNDA:8,(anonymous_2)
FNDA:14,(anonymous_3)
FNDA:2,(anonymous_4)
FNDA:2,(anonymous_5)
FNDA:2,(anonymous_6)
FNDA:2,(anonymous_7)
FNDA:0,(anonymous_8)
FNDA:1,(anonymous_9)
FNDA:16,(anonymous_10)
FNDA:16,(anonymous_11)
FNDA:0,(anonymous_12)
FNDA:0,(anonymous_13)
FNDA:0,(anonymous_14)
FNDA:4,(anonymous_15)
FNDA:1,(anonymous_16)
FNDA:16,(anonymous_17)
FNDA:2,(anonymous_18)
DA:10,1
DA:11,16
DA:12,16
DA:13,21
DA:15,16
DA:16,16
DA:19,16
DA:20,16
DA:21,16
DA:23,16
DA:24,8
DA:27,16
DA:28,14
DA:29,8
DA:33,16
DA:34,2
DA:36,2
DA:37,2
DA:38,2
DA:39,2
DA:42,2
DA:47,2
DA:48,2
DA:49,2
DA:51,0
DA:53,2
DA:57,16
DA:58,1
DA:59,1
DA:63,16
DA:65,16
DA:67,16
DA:70,16
DA:71,16
DA:72,0
DA:73,0
DA:74,0
DA:76,0
DA:83,0
DA:89,0
DA:90,0
DA:100,16
DA:106,16
DA:110,4
DA:131,1
DA:140,16
DA:167,2
LF:47
LH:39
BRDA:28,0,0,8
BRDA:28,0,1,6
BRDA:34,1,0,0
BRDA:34,1,1,2
BRDA:43,2,0,2
BRDA:43,2,1,0
BRDA:58,3,0,1
BRDA:58,3,1,0
BRDA:71,4,0,0
BRDA:71,4,1,16
BRDA:74,5,0,0
BRDA:74,5,1,0
BRDA:109,6,0,10
BRDA:109,6,1,6
BRDA:111,7,0,10
BRDA:111,7,1,6
BRDA:114,8,0,10
BRDA:114,8,1,6
BRDA:122,9,0,16
BRDA:122,9,1,10
BRDA:142,10,0,12
BRDA:142,10,1,4
BRDA:149,11,0,10
BRDA:149,11,1,2
BRDA:174,12,0,10
BRDA:174,12,1,8
BRF:26
BRH:20
end_of_record
TN:
SF:src\context\ToastContext.jsx
FN:7,(anonymous_0)
FN:15,(anonymous_1)
FN:18,(anonymous_2)
FN:20,(anonymous_3)
FN:22,(anonymous_4)
FN:23,(anonymous_5)
FN:23,(anonymous_6)
FN:27,(anonymous_7)
FN:28,(anonymous_8)
FN:28,(anonymous_9)
FN:36,(anonymous_10)
FN:43,(anonymous_11)
FNF:12
FNH:2
FNDA:16,(anonymous_0)
FNDA:5,(anonymous_1)
FNDA:0,(anonymous_2)
FNDA:0,(anonymous_3)
FNDA:0,(anonymous_4)
FNDA:0,(anonymous_5)
FNDA:0,(anonymous_6)
FNDA:0,(anonymous_7)
FNDA:0,(anonymous_8)
FNDA:0,(anonymous_9)
FNDA:0,(anonymous_10)
FNDA:0,(anonymous_11)
DA:5,1
DA:7,1
DA:8,16
DA:9,16
DA:10,0
DA:12,16
DA:15,1
DA:16,5
DA:18,5
DA:19,0
DA:20,0
DA:22,0
DA:23,0
DA:27,5
DA:28,0
DA:31,5
DA:37,0
DA:43,0
LF:18
LH:10
BRDA:9,0,0,0
BRDA:9,0,1,16
BRDA:18,1,0,0
BRDA:46,2,0,0
BRDA:46,2,1,0
BRDA:47,3,0,0
BRDA:47,3,1,0
BRDA:48,4,0,0
BRDA:48,4,1,0
BRF:9
BRH:1
end_of_record
TN:
SF:src\pages\Admin.jsx
FN:31,(anonymous_0)
FN:32,(anonymous_1)
FN:36,(anonymous_2)
FN:37,(anonymous_3)
FN:46,(anonymous_4)
FN:50,(anonymous_5)
FN:61,(anonymous_6)
FN:90,(anonymous_7)
FN:96,(anonymous_8)
FN:102,(anonymous_9)
FNF:10
FNH:9
FNDA:1,(anonymous_0)
FNDA:1,(anonymous_1)
FNDA:7,(anonymous_2)
FNDA:12,(anonymous_3)
FNDA:1,(anonymous_4)
FNDA:5,(anonymous_5)
FNDA:5,(anonymous_6)
FNDA:0,(anonymous_7)
FNDA:1,(anonymous_8)
FNDA:1,(anonymous_9)
DA:31,1
DA:32,1
DA:34,1
DA:36,1
DA:37,12
DA:38,7
DA:39,7
DA:42,7
DA:43,2
DA:46,5
DA:47,1
DA:50,5
DA:51,5
DA:52,3
DA:53,1
DA:54,1
DA:55,0
DA:59,5
DA:61,5
DA:90,0
DA:96,1
DA:102,1
LF:22
LH:20
BRDA:42,0,0,2
BRDA:42,0,1,5
BRDA:42,1,0,7
BRDA:42,1,1,5
BRDA:51,2,0,3
BRDA:51,2,1,1
BRDA:51,2,2,1
BRDA:51,2,3,0
BRDA:89,3,0,3
BRDA:89,3,1,2
BRDA:95,4,0,1
BRDA:95,4,1,4
BRDA:101,5,0,1
BRDA:101,5,1,4
BRF:14
BRH:13
end_of_record
TN:
SF:src\pages\Checkout.jsx
FN:12,(anonymous_0)
FN:15,(anonymous_1)
FN:29,(anonymous_2)
FN:42,(anonymous_3)
FN:57,(anonymous_4)
FN:64,(anonymous_5)
FN:106,(anonymous_6)
FN:128,(anonymous_7)
FN:145,(anonymous_8)
FNF:9
FNH:6
FNDA:8,(anonymous_0)
FNDA:13,(anonymous_1)
FNDA:0,(anonymous_2)
FNDA:6,(anonymous_3)
FNDA:2,(anonymous_4)
FNDA:2,(anonymous_5)
FNDA:0,(anonymous_6)
FNDA:6,(anonymous_7)
FNDA:0,(anonymous_8)
DA:12,1
DA:13,8
DA:14,8
DA:15,13
DA:16,8
DA:17,8
DA:18,8
DA:19,8
DA:20,8
DA:21,8
DA:23,8
DA:29,8
DA:30,0
DA:31,0
DA:32,0
DA:33,0
DA:34,0
DA:36,0
DA:37,0
DA:38,0
DA:42,8
DA:45,8
DA:46,8
DA:47,0
DA:48,0
DA:50,0
DA:54,8
DA:55,8
DA:57,8
DA:58,2
DA:59,2
DA:60,2
DA:64,2
DA:75,2
DA:78,1
DA:79,1
DA:80,1
DA:81,1
DA:82,1
DA:83,1
DA:85,0
DA:88,0
DA:91,1
DA:92,1
DA:94,1
DA:95,1
DA:97,2
DA:101,8
DA:102,1
DA:106,0
DA:111,7
DA:112,1
DA:113,1
DA:116,6
DA:129,6
DA:145,0
LF:56
LH:41
BRDA:31,0,0,0
BRDA:31,0,1,0
BRDA:46,1,0,0
BRDA:46,1,1,8
BRDA:47,2,0,0
BRDA:47,2,1,0
BRDA:66,3,0,2
BRDA:66,3,1,0
BRDA:79,4,0,1
BRDA:79,4,1,0
BRDA:101,5,0,1
BRDA:101,5,1,7
BRDA:111,6,0,1
BRDA:111,6,1,6
BRDA:131,7,0,6
BRDA:131,7,1,0
BRDA:132,8,0,6
BRDA:132,8,1,0
BRDA:158,9,0,6
BRDA:158,9,1,0
BRDA:159,10,0,6
BRDA:159,10,1,0
BRDA:161,11,0,0
BRDA:161,11,1,0
BRDA:172,12,0,6
BRDA:172,12,1,0
BRF:26
BRH:12
end_of_record
TN:
SF:src\redux\slices\authSlice.js
FN:17,(anonymous_0)
FN:24,(anonymous_1)
FNF:2
FNH:2
FNDA:1,(anonymous_0)
FNDA:2,(anonymous_1)
DA:3,2
DA:10,2
DA:11,2
DA:13,2
DA:18,1
DA:19,1
DA:20,1
DA:21,1
DA:22,1
DA:25,2
DA:26,2
DA:27,2
DA:28,2
DA:33,2
LF:14
LH:14
BRDA:11,0,0,0
BRDA:11,0,1,2
BRF:2
BRH:1
end_of_record
TN:
SF:src\redux\slices\cartSlice.js
FN:3,(anonymous_0)
FN:15,(anonymous_1)
FN:30,(anonymous_2)
FN:32,(anonymous_3)
FN:41,(anonymous_4)
FN:43,(anonymous_5)
FN:46,(anonymous_6)
FN:48,(anonymous_7)
FN:54,(anonymous_8)
FN:64,(anonymous_9)
FNF:10
FNH:10
FNDA:3,(anonymous_0)
FNDA:6,(anonymous_1)
FNDA:2,(anonymous_2)
FNDA:1,(anonymous_3)
FNDA:1,(anonymous_4)
FNDA:2,(anonymous_5)
FNDA:1,(anonymous_6)
FNDA:1,(anonymous_7)
FNDA:2,(anonymous_8)
FNDA:2,(anonymous_9)
DA:3,3
DA:4,3
DA:5,3
DA:6,3
DA:8,0
DA:9,0
DA:11,0
DA:15,3
DA:16,6
DA:17,6
DA:18,6
DA:24,3
DA:31,2
DA:32,2
DA:34,2
DA:35,1
DA:37,1
DA:39,2
DA:42,1
DA:43,2
DA:44,1
DA:47,1
DA:48,1
DA:49,1
DA:50,1
DA:52,1
DA:55,2
DA:56,2
DA:61,3
DA:64,3
LF:30
LH:27
BRDA:6,0,0,3
BRDA:6,0,1,0
BRDA:9,1,0,0
BRDA:9,1,1,0
BRDA:34,2,0,1
BRDA:34,2,1,1
BRDA:49,3,0,1
BRDA:49,3,1,0
BRDA:49,4,0,1
BRDA:49,4,1,1
BRF:10
BRH:6
end_of_record
TN:
SF:src\redux\slices\productSlice.js
FN:8,(anonymous_0)
FN:21,(anonymous_1)
FN:43,(anonymous_2)
FN:50,(anonymous_3)
FN:53,(anonymous_4)
FN:62,(anonymous_5)
FN:76,(anonymous_6)
FN:80,(anonymous_7)
FN:82,(anonymous_8)
FN:86,(anonymous_9)
FN:88,(anonymous_10)
FN:92,(anonymous_11)
FN:97,(anonymous_12)
FN:102,(anonymous_13)
FN:106,(anonymous_14)
FN:110,(anonymous_15)
FNF:16
FNH:1
FNDA:0,(anonymous_0)
FNDA:0,(anonymous_1)
FNDA:0,(anonymous_2)
FNDA:0,(anonymous_3)
FNDA:0,(anonymous_4)
FNDA:0,(anonymous_5)
FNDA:0,(anonymous_6)
FNDA:0,(anonymous_7)
FNDA:0,(anonymous_8)
FNDA:1,(anonymous_9)
FNDA:0,(anonymous_10)
FNDA:0,(anonymous_11)
FNDA:0,(anonymous_12)
FNDA:0,(anonymous_13)
FNDA:0,(anonymous_14)
FNDA:0,(anonymous_15)
DA:6,1
DA:9,0
DA:10,0
DA:11,0
DA:13,0
DA:19,1
DA:22,0
DA:23,0
DA:24,0
DA:26,0
DA:31,1
DA:44,0
DA:45,0
DA:46,0
DA:47,0
DA:48,0
DA:50,0
DA:54,0
DA:55,0
DA:57,0
DA:59,0
DA:60,0
DA:62,0
DA:64,0
DA:68,0
DA:74,0
DA:76,0
DA:78,0
DA:79,0
DA:80,0
DA:83,0
DA:87,1
DA:89,0
DA:90,0
DA:93,0
DA:94,0
DA:95,0
DA:98,0
DA:99,0
DA:103,0
DA:104,0
DA:107,0
DA:108,0
DA:111,0
DA:112,0
DA:117,1
LF:46
LH:5
BRDA:13,0,0,0
BRDA:13,0,1,0
BRDA:26,1,0,0
BRDA:26,1,1,0
BRDA:47,2,0,0
BRDA:47,2,1,0
BRDA:57,3,0,0
BRDA:57,3,1,0
BRDA:59,4,0,0
BRDA:59,4,1,0
BRDA:74,5,0,0
BRDA:74,5,1,0
BRF:12
BRH:0
end_of_record
TN:
SF:src\services\api.js
FN:10,(anonymous_0)
FN:11,(anonymous_1)
FN:12,(anonymous_2)
FN:13,(anonymous_3)
FN:14,(anonymous_4)
FN:16,(anonymous_5)
FN:17,(anonymous_6)
FN:18,(anonymous_7)
FN:20,(anonymous_8)
FN:21,(anonymous_9)
FNF:10
FNH:0
FNDA:0,(anonymous_0)
FNDA:0,(anonymous_1)
FNDA:0,(anonymous_2)
FNDA:0,(anonymous_3)
FNDA:0,(anonymous_4)
FNDA:0,(anonymous_5)
FNDA:0,(anonymous_6)
FNDA:0,(anonymous_7)
FNDA:0,(anonymous_8)
FNDA:0,(anonymous_9)
DA:3,2
DA:10,2
DA:11,2
DA:12,2
DA:13,2
DA:14,2
DA:16,2
DA:17,2
DA:18,2
DA:20,2
DA:21,2
LF:11
LH:11
BRF:0
BRH:0
end_of_record
TN:
SF:src\utils\formatCurrency.js
FN:1,(anonymous_0)
FNF:1
FNH:1
FNDA:24,(anonymous_0)
DA:1,2
DA:2,24
LF:2
LH:2
BRF:0
BRH:0
end_of_record
