TN:
SF:src\components\common\ChatBot.jsx
FN:10,(anonymous_0)
FN:13,(anonymous_1)
FN:23,(anonymous_2)
FN:27,(anonymous_3)
FN:39,(anonymous_4)
FN:44,(anonymous_5)
FN:49,(anonymous_6)
FN:56,(anonymous_7)
FN:58,(anonymous_8)
FN:64,(anonymous_9)
FN:70,(anonymous_10)
FN:76,(anonymous_11)
FN:80,(anonymous_12)
FN:90,(anonymous_13)
FN:95,(anonymous_14)
FN:117,(anonymous_15)
FN:139,(anonymous_16)
FN:152,(anonymous_17)
FN:156,(anonymous_18)
FN:182,(anonymous_19)
FNF:20
FNH:15
FNDA:16,(anonymous_0)
FNDA:21,(anonymous_1)
FNDA:8,(anonymous_2)
FNDA:14,(anonymous_3)
FNDA:2,(anonymous_4)
FNDA:2,(anonymous_5)
FNDA:2,(anonymous_6)
FNDA:2,(anonymous_7)
FNDA:0,(anonymous_8)
FNDA:1,(anonymous_9)
FNDA:16,(anonymous_10)
FNDA:16,(anonymous_11)
FNDA:0,(anonymous_12)
FNDA:0,(anonymous_13)
FNDA:0,(anonymous_14)
FNDA:5,(anonymous_15)
FNDA:16,(anonymous_16)
FNDA:18,(anonymous_17)
FNDA:0,(anonymous_18)
FNDA:2,(anonymous_19)
DA:10,1
DA:11,16
DA:12,16
DA:13,21
DA:15,16
DA:16,16
DA:19,16
DA:20,16
DA:21,16
DA:23,16
DA:24,8
DA:27,16
DA:28,14
DA:29,8
DA:33,16
DA:39,16
DA:40,2
DA:41,2
DA:43,2
DA:44,2
DA:45,2
DA:46,2
DA:49,2
DA:54,2
DA:55,2
DA:56,2
DA:58,0
DA:60,2
DA:64,16
DA:65,1
DA:66,1
DA:70,16
DA:72,16
DA:74,16
DA:77,16
DA:78,16
DA:79,0
DA:80,0
DA:81,0
DA:83,0
DA:90,0
DA:96,0
DA:97,0
DA:107,16
DA:113,16
DA:117,5
DA:140,16
DA:153,18
DA:156,0
DA:182,2
LF:50
LH:41
BRDA:28,0,0,8
BRDA:28,0,1,6
BRDA:40,1,0,0
BRDA:40,1,1,2
BRDA:41,2,0,0
BRDA:41,2,1,2
BRDA:45,3,0,2
BRDA:45,3,1,0
BRDA:50,4,0,2
BRDA:50,4,1,0
BRDA:65,5,0,1
BRDA:65,5,1,0
BRDA:78,6,0,0
BRDA:78,6,1,16
BRDA:81,7,0,0
BRDA:81,7,1,0
BRDA:116,8,0,10
BRDA:116,8,1,6
BRDA:118,9,0,10
BRDA:118,9,1,6
BRDA:121,10,0,10
BRDA:121,10,1,6
BRDA:129,11,0,16
BRDA:129,11,1,10
BRDA:142,12,0,12
BRDA:142,12,1,4
BRDA:150,13,0,10
BRDA:150,13,1,6
BRDA:150,13,2,6
BRDA:164,14,0,10
BRDA:164,14,1,2
BRDA:189,15,0,10
BRDA:189,15,1,8
BRF:33
BRH:25
end_of_record
TN:
SF:src\context\ToastContext.jsx
FN:7,(anonymous_0)
FN:15,(anonymous_1)
FN:18,(anonymous_2)
FN:20,(anonymous_3)
FN:22,(anonymous_4)
FN:23,(anonymous_5)
FN:23,(anonymous_6)
FN:27,(anonymous_7)
FN:28,(anonymous_8)
FN:28,(anonymous_9)
FN:36,(anonymous_10)
FN:43,(anonymous_11)
FNF:12
FNH:2
FNDA:16,(anonymous_0)
FNDA:5,(anonymous_1)
FNDA:0,(anonymous_2)
FNDA:0,(anonymous_3)
FNDA:0,(anonymous_4)
FNDA:0,(anonymous_5)
FNDA:0,(anonymous_6)
FNDA:0,(anonymous_7)
FNDA:0,(anonymous_8)
FNDA:0,(anonymous_9)
FNDA:0,(anonymous_10)
FNDA:0,(anonymous_11)
DA:5,1
DA:7,1
DA:8,16
DA:9,16
DA:10,0
DA:12,16
DA:15,1
DA:16,5
DA:18,5
DA:19,0
DA:20,0
DA:22,0
DA:23,0
DA:27,5
DA:28,0
DA:31,5
DA:37,0
DA:43,0
LF:18
LH:10
BRDA:9,0,0,0
BRDA:9,0,1,16
BRDA:18,1,0,0
BRDA:46,2,0,0
BRDA:46,2,1,0
BRDA:47,3,0,0
BRDA:47,3,1,0
BRDA:48,4,0,0
BRDA:48,4,1,0
BRF:9
BRH:1
end_of_record
TN:
SF:src\redux\slices\cartSlice.js
FN:3,(anonymous_0)
FN:15,(anonymous_1)
FN:30,(anonymous_2)
FN:32,(anonymous_3)
FN:41,(anonymous_4)
FN:43,(anonymous_5)
FN:46,(anonymous_6)
FN:48,(anonymous_7)
FN:54,(anonymous_8)
FN:64,(anonymous_9)
FNF:10
FNH:10
FNDA:2,(anonymous_0)
FNDA:5,(anonymous_1)
FNDA:2,(anonymous_2)
FNDA:1,(anonymous_3)
FNDA:1,(anonymous_4)
FNDA:2,(anonymous_5)
FNDA:1,(anonymous_6)
FNDA:1,(anonymous_7)
FNDA:1,(anonymous_8)
FNDA:2,(anonymous_9)
DA:3,2
DA:4,2
DA:5,2
DA:6,2
DA:8,0
DA:9,0
DA:11,0
DA:15,2
DA:16,5
DA:17,5
DA:18,5
DA:24,2
DA:31,2
DA:32,2
DA:34,2
DA:35,1
DA:37,1
DA:39,2
DA:42,1
DA:43,2
DA:44,1
DA:47,1
DA:48,1
DA:49,1
DA:50,1
DA:52,1
DA:55,1
DA:56,1
DA:61,2
DA:64,2
LF:30
LH:27
BRDA:6,0,0,2
BRDA:6,0,1,0
BRDA:9,1,0,0
BRDA:9,1,1,0
BRDA:34,2,0,1
BRDA:34,2,1,1
BRDA:49,3,0,1
BRDA:49,3,1,0
BRDA:49,4,0,1
BRDA:49,4,1,1
BRF:10
BRH:6
end_of_record
TN:
SF:src\redux\slices\productSlice.js
FN:8,(anonymous_0)
FN:21,(anonymous_1)
FN:43,(anonymous_2)
FN:50,(anonymous_3)
FN:53,(anonymous_4)
FN:62,(anonymous_5)
FN:76,(anonymous_6)
FN:80,(anonymous_7)
FN:82,(anonymous_8)
FN:86,(anonymous_9)
FN:88,(anonymous_10)
FN:92,(anonymous_11)
FN:97,(anonymous_12)
FN:102,(anonymous_13)
FN:106,(anonymous_14)
FN:110,(anonymous_15)
FNF:16
FNH:1
FNDA:0,(anonymous_0)
FNDA:0,(anonymous_1)
FNDA:0,(anonymous_2)
FNDA:0,(anonymous_3)
FNDA:0,(anonymous_4)
FNDA:0,(anonymous_5)
FNDA:0,(anonymous_6)
FNDA:0,(anonymous_7)
FNDA:0,(anonymous_8)
FNDA:1,(anonymous_9)
FNDA:0,(anonymous_10)
FNDA:0,(anonymous_11)
FNDA:0,(anonymous_12)
FNDA:0,(anonymous_13)
FNDA:0,(anonymous_14)
FNDA:0,(anonymous_15)
DA:6,1
DA:9,0
DA:10,0
DA:11,0
DA:13,0
DA:19,1
DA:22,0
DA:23,0
DA:24,0
DA:26,0
DA:31,1
DA:44,0
DA:45,0
DA:46,0
DA:47,0
DA:48,0
DA:50,0
DA:54,0
DA:55,0
DA:57,0
DA:59,0
DA:60,0
DA:62,0
DA:64,0
DA:68,0
DA:74,0
DA:76,0
DA:78,0
DA:79,0
DA:80,0
DA:83,0
DA:87,1
DA:89,0
DA:90,0
DA:93,0
DA:94,0
DA:95,0
DA:98,0
DA:99,0
DA:103,0
DA:104,0
DA:107,0
DA:108,0
DA:111,0
DA:112,0
DA:117,1
LF:46
LH:5
BRDA:13,0,0,0
BRDA:13,0,1,0
BRDA:26,1,0,0
BRDA:26,1,1,0
BRDA:47,2,0,0
BRDA:47,2,1,0
BRDA:57,3,0,0
BRDA:57,3,1,0
BRDA:59,4,0,0
BRDA:59,4,1,0
BRDA:74,5,0,0
BRDA:74,5,1,0
BRF:12
BRH:0
end_of_record
TN:
SF:src\services\api.js
FN:11,(anonymous_0)
FN:12,(anonymous_1)
FN:13,(anonymous_2)
FN:14,(anonymous_3)
FN:15,(anonymous_4)
FN:17,(anonymous_5)
FN:18,(anonymous_6)
FN:19,(anonymous_7)
FN:21,(anonymous_8)
FN:22,(anonymous_9)
FNF:10
FNH:0
FNDA:0,(anonymous_0)
FNDA:0,(anonymous_1)
FNDA:0,(anonymous_2)
FNDA:0,(anonymous_3)
FNDA:0,(anonymous_4)
FNDA:0,(anonymous_5)
FNDA:0,(anonymous_6)
FNDA:0,(anonymous_7)
FNDA:0,(anonymous_8)
FNDA:0,(anonymous_9)
DA:4,1
DA:11,1
DA:12,1
DA:13,1
DA:14,1
DA:15,1
DA:17,1
DA:18,1
DA:19,1
DA:21,1
DA:22,1
LF:11
LH:11
BRF:0
BRH:0
end_of_record
TN:
SF:src\utils\formatCurrency.js
FN:1,(anonymous_0)
FNF:1
FNH:0
FNDA:0,(anonymous_0)
DA:1,1
DA:2,0
LF:2
LH:1
BRF:0
BRH:0
end_of_record
